#
# There is insufficient memory for the Java Runtime Environment to continue.
# Native memory allocation (malloc) failed to allocate 2033136 bytes for Chunk::new
# Possible reasons:
#   The system is out of physical RAM or swap space
#   The process is running with CompressedOops enabled, and the Java Heap may be blocking the growth of the native heap
# Possible solutions:
#   Reduce memory load on the system
#   Increase physical memory or swap space
#   Check if swap backing store is full
#   Decrease Java heap size (-Xmx/-Xms)
#   Decrease number of Java threads
#   Decrease Java thread stack sizes (-Xss)
#   Set larger code cache with -XX:ReservedCodeCacheSize=
#   JVM is running with Unscaled Compressed Oops mode in which the Java heap is
#     placed in the first 4GB address space. The Java Heap base address is the
#     maximum limit for the native heap growth. Please use -XX:HeapBaseMinAddress
#     to set the Java Heap base and to place the Java Heap above 4GB virtual address.
# This output file may be truncated or incomplete.
#
#  Out of Memory Error (arena.cpp:197), pid=336, tid=24600
#
# JRE version: OpenJDK Runtime Environment Microsoft-8035250 (11.0.20+8) (build 11.0.20+8-LTS)
# Java VM: OpenJDK 64-Bit Server VM Microsoft-8035250 (11.0.20+8-LTS, mixed mode, tiered, compressed oops, g1 gc, windows-amd64)
# No core dump will be written. Minidumps are not enabled by default on client versions of Windows
#

---------------  S U M M A R Y ------------

Command Line: -XX:MaxMetaspaceSize=512m --add-opens=java.base/java.util=ALL-UNNAMED --add-opens=java.base/java.lang=ALL-UNNAMED --add-opens=java.base/java.lang.invoke=ALL-UNNAMED --add-opens=java.base/java.util=ALL-UNNAMED --add-opens=java.prefs/java.util.prefs=ALL-UNNAMED --add-opens=java.prefs/java.util.prefs=ALL-UNNAMED --add-opens=java.base/java.nio.charset=ALL-UNNAMED --add-opens=java.base/java.net=ALL-UNNAMED --add-opens=java.base/java.util.concurrent.atomic=ALL-UNNAMED -Xmx2048m -Dfile.encoding=utf8 -Duser.country=US -Duser.language=en -Duser.variant org.gradle.launcher.daemon.bootstrap.GradleDaemon 7.5.1

Host: AMD Ryzen 7 4800H with Radeon Graphics         , 16 cores, 7G,  Windows 11 , 64 bit Build 22621 (10.0.22621.2506)
Time: Sun Dec 24 16:32:47 2023 SE Asia Standard Time elapsed time: 36.504855 seconds (0d 0h 0m 36s)

---------------  T H R E A D  ---------------

Current thread (0x00000121fcc2a000):  JavaThread "C2 CompilerThread0" daemon [_thread_in_native, id=24600, stack(0x0000000479800000,0x0000000479900000)]


Current CompileTask:
C2:  36504 4799       4       org.objectweb.asm.Frame::execute (2318 bytes)

Stack: [0x0000000479800000,0x0000000479900000]
Native frames: (J=compiled Java code, j=interpreted, Vv=VM code, C=native code)
V  [jvm.dll+0x62e9da]
V  [jvm.dll+0x7bc4e9]
V  [jvm.dll+0x7bdbd8]
V  [jvm.dll+0x7be2b3]
V  [jvm.dll+0x2505a8]
V  [jvm.dll+0xc263c]
V  [jvm.dll+0xc2bfc]
V  [jvm.dll+0x35fd82]
V  [jvm.dll+0x32bf13]
V  [jvm.dll+0x32b24a]
V  [jvm.dll+0x2097e3]
V  [jvm.dll+0x20893d]
V  [jvm.dll+0x18a7de]
V  [jvm.dll+0x2181ec]
V  [jvm.dll+0x21642b]
V  [jvm.dll+0x77efc0]
V  [jvm.dll+0x777db4]
V  [jvm.dll+0x62d845]
C  [ucrtbase.dll+0x29363]
C  [KERNEL32.DLL+0x1257d]
C  [ntdll.dll+0x5aa58]


---------------  P R O C E S S  ---------------

Threads class SMR info:
_java_thread_list=0x0000012181b01560, length=43, elements={
0x00000121dd08b800, 0x00000121fcc17800, 0x00000121fcc19000, 0x00000121fd5c2800,
0x00000121fcc26800, 0x00000121fcc29000, 0x00000121fcc2a000, 0x00000121fcc2b000,
0x00000121fcc2f000, 0x00000121fd707800, 0x00000121ff137000, 0x0000012180050800,
0x0000012180257000, 0x00000121ff103800, 0x00000121801fd800, 0x00000121800ee800,
0x00000121800f1800, 0x00000121801b5800, 0x00000121801b7000, 0x00000121801a9800,
0x000001218031b000, 0x000001218031c800, 0x000001218031d800, 0x000001218031f000,
0x000001218031e800, 0x000001218031a800, 0x0000012180320000, 0x0000012180321000,
0x000001218031c000, 0x0000012181a11800, 0x0000012181a16000, 0x0000012181a11000,
0x0000012181a13800, 0x0000012181a16800, 0x0000012181a12800, 0x0000012181a17800,
0x0000012181a19000, 0x0000012181a1a000, 0x00000121fd751800, 0x0000012181a14000,
0x0000012181a15000, 0x0000012181a1f800, 0x0000012181a1a800
}

Java Threads: ( => current thread )
  0x00000121dd08b800 JavaThread "main" [_thread_blocked, id=35244, stack(0x0000000478c00000,0x0000000478d00000)]
  0x00000121fcc17800 JavaThread "Reference Handler" daemon [_thread_blocked, id=6876, stack(0x0000000479300000,0x0000000479400000)]
  0x00000121fcc19000 JavaThread "Finalizer" daemon [_thread_blocked, id=18228, stack(0x0000000479400000,0x0000000479500000)]
  0x00000121fd5c2800 JavaThread "Signal Dispatcher" daemon [_thread_blocked, id=12396, stack(0x0000000479500000,0x0000000479600000)]
  0x00000121fcc26800 JavaThread "Attach Listener" daemon [_thread_blocked, id=7232, stack(0x0000000479600000,0x0000000479700000)]
  0x00000121fcc29000 JavaThread "Service Thread" daemon [_thread_blocked, id=21684, stack(0x0000000479700000,0x0000000479800000)]
=>0x00000121fcc2a000 JavaThread "C2 CompilerThread0" daemon [_thread_in_native, id=24600, stack(0x0000000479800000,0x0000000479900000)]
  0x00000121fcc2b000 JavaThread "C1 CompilerThread0" daemon [_thread_blocked, id=8640, stack(0x0000000479900000,0x0000000479a00000)]
  0x00000121fcc2f000 JavaThread "Sweeper thread" daemon [_thread_blocked, id=18588, stack(0x0000000479a00000,0x0000000479b00000)]
  0x00000121fd707800 JavaThread "Common-Cleaner" daemon [_thread_blocked, id=13876, stack(0x0000000479b00000,0x0000000479c00000)]
  0x00000121ff137000 JavaThread "Daemon health stats" [_thread_blocked, id=14176, stack(0x0000000479f00000,0x000000047a000000)]
  0x0000012180050800 JavaThread "Incoming local TCP Connector on port 58614" [_thread_in_native, id=36580, stack(0x000000047a000000,0x000000047a100000)]
  0x0000012180257000 JavaThread "Daemon periodic checks" [_thread_blocked, id=24360, stack(0x000000047a100000,0x000000047a200000)]
  0x00000121ff103800 JavaThread "Daemon" [_thread_blocked, id=8528, stack(0x000000047a200000,0x000000047a300000)]
  0x00000121801fd800 JavaThread "Handler for socket connection from /127.0.0.1:58614 to /127.0.0.1:58620" [_thread_in_native, id=1388, stack(0x000000047a300000,0x000000047a400000)]
  0x00000121800ee800 JavaThread "Cancel handler" [_thread_blocked, id=30232, stack(0x000000047a400000,0x000000047a500000)]
  0x00000121800f1800 JavaThread "Daemon worker" [_thread_in_vm, id=36600, stack(0x000000047a500000,0x000000047a600000)]
  0x00000121801b5800 JavaThread "Asynchronous log dispatcher for DefaultDaemonConnection: socket connection from /127.0.0.1:58614 to /127.0.0.1:58620" [_thread_blocked, id=18052, stack(0x000000047a600000,0x000000047a700000)]
  0x00000121801b7000 JavaThread "Stdin handler" [_thread_blocked, id=35968, stack(0x000000047a700000,0x000000047a800000)]
  0x00000121801a9800 JavaThread "Daemon client event forwarder" [_thread_blocked, id=2964, stack(0x000000047a800000,0x000000047a900000)]
  0x000001218031b000 JavaThread "Cache worker for journal cache (C:\Users\legen\.gradle\caches\journal-1)" [_thread_blocked, id=2572, stack(0x000000047b600000,0x000000047b700000)]
  0x000001218031c800 JavaThread "File lock request listener" [_thread_in_native, id=4536, stack(0x000000047b700000,0x000000047b800000)]
  0x000001218031d800 JavaThread "Cache worker for file hash cache (C:\Users\legen\.gradle\caches\7.5.1\fileHashes)" [_thread_blocked, id=30864, stack(0x000000047ba00000,0x000000047bb00000)]
  0x000001218031f000 JavaThread "File watcher server" daemon [_thread_in_native, id=11896, stack(0x000000047bd00000,0x000000047be00000)]
  0x000001218031e800 JavaThread "File watcher consumer" daemon [_thread_blocked, id=8688, stack(0x000000047be00000,0x000000047bf00000)]
  0x000001218031a800 JavaThread "Cache worker for checksums cache (C:\Users\legen\DaNenTang\android\.gradle\7.5.1\checksums)" [_thread_blocked, id=6624, stack(0x000000047bf00000,0x000000047c000000)]
  0x0000012180320000 JavaThread "Cache worker for cache directory md-rule (C:\Users\legen\.gradle\caches\7.5.1\md-rule)" [_thread_blocked, id=29472, stack(0x000000047c000000,0x000000047c100000)]
  0x0000012180321000 JavaThread "Cache worker for file content cache (C:\Users\legen\.gradle\caches\7.5.1\fileContent)" [_thread_blocked, id=4472, stack(0x000000047c100000,0x000000047c200000)]
  0x000001218031c000 JavaThread "Cache worker for file hash cache (C:\Users\legen\DaNenTang\android\.gradle\7.5.1\fileHashes)" [_thread_blocked, id=29660, stack(0x000000047c200000,0x000000047c300000)]
  0x0000012181a11800 JavaThread "Cache worker for cache directory md-supplier (C:\Users\legen\.gradle\caches\7.5.1\md-supplier)" [_thread_blocked, id=31760, stack(0x000000047c300000,0x000000047c400000)]
  0x0000012181a16000 JavaThread "Cache worker for execution history cache (C:\Users\legen\.gradle\caches\7.5.1\executionHistory)" [_thread_blocked, id=14984, stack(0x000000047bc00000,0x000000047bd00000)]
  0x0000012181a11000 JavaThread "jar transforms" [_thread_blocked, id=9184, stack(0x000000047c400000,0x000000047c500000)]
  0x0000012181a13800 JavaThread "jar transforms Thread 2" [_thread_blocked, id=29568, stack(0x000000047c500000,0x000000047c600000)]
  0x0000012181a16800 JavaThread "File lock release action executor" [_thread_blocked, id=15976, stack(0x000000047c600000,0x000000047c700000)]
  0x0000012181a12800 JavaThread "jar transforms Thread 3" [_thread_blocked, id=27344, stack(0x000000047c700000,0x000000047c800000)]
  0x0000012181a17800 JavaThread "jar transforms Thread 4" [_thread_blocked, id=26180, stack(0x000000047c800000,0x000000047c900000)]
  0x0000012181a19000 JavaThread "jar transforms Thread 5" [_thread_blocked, id=28204, stack(0x000000047c900000,0x000000047ca00000)]
  0x0000012181a1a000 JavaThread "jar transforms Thread 6" [_thread_blocked, id=36576, stack(0x000000047ca00000,0x000000047cb00000)]
  0x00000121fd751800 JavaThread "C1 CompilerThread1" daemon [_thread_blocked, id=8828, stack(0x0000000479c00000,0x0000000479d00000)]
  0x0000012181a14000 JavaThread "Cache worker for kotlin-dsl (C:\Users\legen\.gradle\caches\7.5.1\kotlin-dsl)" [_thread_blocked, id=24336, stack(0x000000047bb00000,0x000000047bc00000)]
  0x0000012181a15000 JavaThread "jar transforms Thread 7" [_thread_blocked, id=31068, stack(0x000000047cd00000,0x000000047ce00000)]
  0x0000012181a1f800 JavaThread "jar transforms Thread 8" [_thread_blocked, id=19976, stack(0x000000047ce00000,0x000000047cf00000)]
  0x0000012181a1a800 JavaThread "Cache worker for dependencies-accessors (C:\Users\legen\DaNenTang\android\.gradle\7.5.1\dependencies-accessors)" [_thread_blocked, id=21656, stack(0x000000047cf00000,0x000000047d000000)]

Other Threads:
  0x00000121fcc01800 VMThread "VM Thread" [stack: 0x0000000479200000,0x0000000479300000] [id=32876]
  0x00000121fd75f800 WatcherThread [stack: 0x0000000479d00000,0x0000000479e00000] [id=34812]
  0x00000121dd0a5000 GCTaskThread "GC Thread#0" [stack: 0x0000000478d00000,0x0000000478e00000] [id=4932]
  0x00000121fe17e800 GCTaskThread "GC Thread#1" [stack: 0x0000000479e00000,0x0000000479f00000] [id=36464]
  0x00000121fdb58800 GCTaskThread "GC Thread#2" [stack: 0x000000047a900000,0x000000047aa00000] [id=35612]
  0x00000121fd618000 GCTaskThread "GC Thread#3" [stack: 0x000000047aa00000,0x000000047ab00000] [id=1152]
  0x00000121fd618800 GCTaskThread "GC Thread#4" [stack: 0x000000047ab00000,0x000000047ac00000] [id=30708]
  0x00000121fd943000 GCTaskThread "GC Thread#5" [stack: 0x000000047ac00000,0x000000047ad00000] [id=29200]
  0x00000121fd628000 GCTaskThread "GC Thread#6" [stack: 0x000000047ad00000,0x000000047ae00000] [id=2620]
  0x00000121fd628800 GCTaskThread "GC Thread#7" [stack: 0x000000047ae00000,0x000000047af00000] [id=27976]
  0x00000121fd629000 GCTaskThread "GC Thread#8" [stack: 0x000000047af00000,0x000000047b000000] [id=21564]
  0x00000121fd62a000 GCTaskThread "GC Thread#9" [stack: 0x000000047b000000,0x000000047b100000] [id=4068]
  0x00000121fe94e800 GCTaskThread "GC Thread#10" [stack: 0x000000047b100000,0x000000047b200000] [id=35332]
  0x00000121fe94f000 GCTaskThread "GC Thread#11" [stack: 0x000000047b200000,0x000000047b300000] [id=19512]
  0x00000121fe94f800 GCTaskThread "GC Thread#12" [stack: 0x000000047b300000,0x000000047b400000] [id=36124]
  0x00000121dd0db800 ConcurrentGCThread "G1 Main Marker" [stack: 0x0000000478e00000,0x0000000478f00000] [id=1448]
  0x00000121dd0dd000 ConcurrentGCThread "G1 Conc#0" [stack: 0x0000000478f00000,0x0000000479000000] [id=27200]
  0x00000121fe32e800 ConcurrentGCThread "G1 Conc#1" [stack: 0x000000047b800000,0x000000047b900000] [id=34896]
  0x00000121802a2800 ConcurrentGCThread "G1 Conc#2" [stack: 0x000000047b900000,0x000000047ba00000] [id=19628]
  0x00000121fca72800 ConcurrentGCThread "G1 Refine#0" [stack: 0x0000000479000000,0x0000000479100000] [id=23608]
  0x00000121fe33a000 ConcurrentGCThread "G1 Refine#1" [stack: 0x000000047b400000,0x000000047b500000] [id=35980]
  0x00000121fe33f000 ConcurrentGCThread "G1 Refine#2" [stack: 0x000000047b500000,0x000000047b600000] [id=36800]
  0x00000121fca73000 ConcurrentGCThread "G1 Young RemSet Sampling" [stack: 0x0000000479100000,0x0000000479200000] [id=31944]

Threads with active compile tasks:
C2 CompilerThread0    36549 4799       4       org.objectweb.asm.Frame::execute (2318 bytes)

VM state:not at safepoint (normal execution)

VM Mutex/Monitor currently owned by a thread: None

Heap address: 0x0000000080000000, size: 2048 MB, Compressed Oops mode: 32-bit
Narrow klass base: 0x0000000000000000, Narrow klass shift: 3
Compressed class space size: 528482304 Address: 0x0000000100000000

Heap:
 garbage-first heap   total 122880K, used 41928K [0x0000000080000000, 0x0000000100000000)
  region size 1024K, 15 young (15360K), 6 survivors (6144K)
 Metaspace       used 47795K, capacity 49069K, committed 49328K, reserved 559104K
  class space    used 6070K, capacity 6580K, committed 6656K, reserved 516096K
Heap Regions: E=young(eden), S=young(survivor), O=old, HS=humongous(starts), HC=humongous(continues), CS=collection set, F=free, A=archive, TAMS=top-at-mark-start (previous, next)
|   0|0x0000000080000000, 0x0000000080100000, 0x0000000080100000|100%| O|  |TAMS 0x0000000080100000, 0x0000000080000000| Untracked 
|   1|0x0000000080100000, 0x0000000080200000, 0x0000000080200000|100%| O|  |TAMS 0x0000000080200000, 0x0000000080100000| Untracked 
|   2|0x0000000080200000, 0x0000000080300000, 0x0000000080300000|100%| O|  |TAMS 0x0000000080300000, 0x0000000080200000| Untracked 
|   3|0x0000000080300000, 0x0000000080400000, 0x0000000080400000|100%|HS|  |TAMS 0x0000000080400000, 0x0000000080300000| Complete 
|   4|0x0000000080400000, 0x0000000080500000, 0x0000000080500000|100%|HC|  |TAMS 0x0000000080500000, 0x0000000080400000| Complete 
|   5|0x0000000080500000, 0x0000000080600000, 0x0000000080600000|100%|HC|  |TAMS 0x0000000080600000, 0x0000000080500000| Complete 
|   6|0x0000000080600000, 0x0000000080700000, 0x0000000080700000|100%| O|  |TAMS 0x0000000080700000, 0x0000000080600000| Untracked 
|   7|0x0000000080700000, 0x0000000080800000, 0x0000000080800000|100%| O|  |TAMS 0x0000000080800000, 0x0000000080700000| Untracked 
|   8|0x0000000080800000, 0x0000000080900000, 0x0000000080900000|100%| O|  |TAMS 0x0000000080900000, 0x0000000080800000| Untracked 
|   9|0x0000000080900000, 0x0000000080a00000, 0x0000000080a00000|100%| O|  |TAMS 0x0000000080a00000, 0x0000000080900000| Untracked 
|  10|0x0000000080a00000, 0x0000000080b00000, 0x0000000080b00000|100%| O|  |TAMS 0x0000000080b00000, 0x0000000080a00000| Untracked 
|  11|0x0000000080b00000, 0x0000000080c00000, 0x0000000080c00000|100%| O|  |TAMS 0x0000000080c00000, 0x0000000080b00000| Untracked 
|  12|0x0000000080c00000, 0x0000000080d00000, 0x0000000080d00000|100%| O|  |TAMS 0x0000000080d00000, 0x0000000080c00000| Untracked 
|  13|0x0000000080d00000, 0x0000000080e00000, 0x0000000080e00000|100%| O|  |TAMS 0x0000000080e00000, 0x0000000080d00000| Untracked 
|  14|0x0000000080e00000, 0x0000000080f00000, 0x0000000080f00000|100%| O|  |TAMS 0x0000000080f00000, 0x0000000080e00000| Untracked 
|  15|0x0000000080f00000, 0x0000000081000000, 0x0000000081000000|100%| O|  |TAMS 0x0000000081000000, 0x0000000080f00000| Untracked 
|  16|0x0000000081000000, 0x0000000081100000, 0x0000000081100000|100%| O|  |TAMS 0x00000000810bae00, 0x0000000081000000| Untracked 
|  17|0x0000000081100000, 0x0000000081200000, 0x0000000081200000|100%| O|  |TAMS 0x0000000081100000, 0x0000000081100000| Untracked 
|  18|0x0000000081200000, 0x0000000081300000, 0x0000000081300000|100%| O|  |TAMS 0x0000000081200000, 0x0000000081200000| Untracked 
|  19|0x0000000081300000, 0x0000000081400000, 0x0000000081400000|100%| O|  |TAMS 0x0000000081300000, 0x0000000081300000| Untracked 
|  20|0x0000000081400000, 0x0000000081500000, 0x0000000081500000|100%| O|  |TAMS 0x0000000081400000, 0x0000000081400000| Untracked 
|  21|0x0000000081500000, 0x0000000081600000, 0x0000000081600000|100%| O|  |TAMS 0x0000000081500000, 0x0000000081500000| Untracked 
|  22|0x0000000081600000, 0x0000000081700000, 0x0000000081700000|100%| O|  |TAMS 0x0000000081600000, 0x0000000081600000| Untracked 
|  23|0x0000000081700000, 0x0000000081800000, 0x0000000081800000|100%| O|  |TAMS 0x0000000081700000, 0x0000000081700000| Untracked 
|  24|0x0000000081800000, 0x0000000081900000, 0x0000000081900000|100%| O|  |TAMS 0x0000000081800000, 0x0000000081800000| Untracked 
|  25|0x0000000081900000, 0x0000000081a00000, 0x0000000081a00000|100%| O|  |TAMS 0x0000000081900000, 0x0000000081900000| Untracked 
|  26|0x0000000081a00000, 0x0000000081b00000, 0x0000000081b00000|100%| O|  |TAMS 0x0000000081a00000, 0x0000000081a00000| Untracked 
|  27|0x0000000081b00000, 0x0000000081b3d800, 0x0000000081c00000| 24%| O|  |TAMS 0x0000000081b00000, 0x0000000081b00000| Untracked 
|  28|0x0000000081c00000, 0x0000000081c00000, 0x0000000081d00000|  0%| F|  |TAMS 0x0000000081c00000, 0x0000000081c00000| Untracked 
|  29|0x0000000081d00000, 0x0000000081d00000, 0x0000000081e00000|  0%| F|  |TAMS 0x0000000081d00000, 0x0000000081d00000| Untracked 
|  30|0x0000000081e00000, 0x0000000081e00000, 0x0000000081f00000|  0%| F|  |TAMS 0x0000000081e00000, 0x0000000081e00000| Untracked 
|  31|0x0000000081f00000, 0x0000000081f00000, 0x0000000082000000|  0%| F|  |TAMS 0x0000000081f00000, 0x0000000081f00000| Untracked 
|  32|0x0000000082000000, 0x0000000082000000, 0x0000000082100000|  0%| F|  |TAMS 0x0000000082000000, 0x0000000082000000| Untracked 
|  33|0x0000000082100000, 0x0000000082100000, 0x0000000082200000|  0%| F|  |TAMS 0x0000000082100000, 0x0000000082100000| Untracked 
|  34|0x0000000082200000, 0x0000000082200000, 0x0000000082300000|  0%| F|  |TAMS 0x0000000082200000, 0x0000000082200000| Untracked 
|  35|0x0000000082300000, 0x0000000082300000, 0x0000000082400000|  0%| F|  |TAMS 0x0000000082300000, 0x0000000082300000| Untracked 
|  36|0x0000000082400000, 0x0000000082400000, 0x0000000082500000|  0%| F|  |TAMS 0x0000000082400000, 0x0000000082400000| Untracked 
|  37|0x0000000082500000, 0x0000000082500000, 0x0000000082600000|  0%| F|  |TAMS 0x0000000082500000, 0x0000000082500000| Untracked 
|  38|0x0000000082600000, 0x0000000082600000, 0x0000000082700000|  0%| F|  |TAMS 0x0000000082600000, 0x0000000082600000| Untracked 
|  39|0x0000000082700000, 0x0000000082700000, 0x0000000082800000|  0%| F|  |TAMS 0x0000000082700000, 0x0000000082700000| Untracked 
|  40|0x0000000082800000, 0x0000000082800000, 0x0000000082900000|  0%| F|  |TAMS 0x0000000082800000, 0x0000000082800000| Untracked 
|  41|0x0000000082900000, 0x0000000082900000, 0x0000000082a00000|  0%| F|  |TAMS 0x0000000082900000, 0x0000000082900000| Untracked 
|  42|0x0000000082a00000, 0x0000000082a00000, 0x0000000082b00000|  0%| F|  |TAMS 0x0000000082a00000, 0x0000000082a00000| Untracked 
|  43|0x0000000082b00000, 0x0000000082b00000, 0x0000000082c00000|  0%| F|  |TAMS 0x0000000082b00000, 0x0000000082b00000| Untracked 
|  44|0x0000000082c00000, 0x0000000082c00000, 0x0000000082d00000|  0%| F|  |TAMS 0x0000000082c00000, 0x0000000082c00000| Untracked 
|  45|0x0000000082d00000, 0x0000000082d00000, 0x0000000082e00000|  0%| F|  |TAMS 0x0000000082d00000, 0x0000000082d00000| Untracked 
|  46|0x0000000082e00000, 0x0000000082e00000, 0x0000000082f00000|  0%| F|  |TAMS 0x0000000082e00000, 0x0000000082e00000| Untracked 
|  47|0x0000000082f00000, 0x0000000082f00000, 0x0000000083000000|  0%| F|  |TAMS 0x0000000082f00000, 0x0000000082f00000| Untracked 
|  48|0x0000000083000000, 0x0000000083000000, 0x0000000083100000|  0%| F|  |TAMS 0x0000000083000000, 0x0000000083000000| Untracked 
|  49|0x0000000083100000, 0x0000000083100000, 0x0000000083200000|  0%| F|  |TAMS 0x0000000083100000, 0x0000000083100000| Untracked 
|  50|0x0000000083200000, 0x0000000083200000, 0x0000000083300000|  0%| F|  |TAMS 0x0000000083200000, 0x0000000083200000| Untracked 
|  51|0x0000000083300000, 0x0000000083300000, 0x0000000083400000|  0%| F|  |TAMS 0x0000000083300000, 0x0000000083300000| Untracked 
|  52|0x0000000083400000, 0x0000000083400000, 0x0000000083500000|  0%| F|  |TAMS 0x0000000083400000, 0x0000000083400000| Untracked 
|  53|0x0000000083500000, 0x0000000083500000, 0x0000000083600000|  0%| F|  |TAMS 0x0000000083500000, 0x0000000083500000| Untracked 
|  54|0x0000000083600000, 0x0000000083600000, 0x0000000083700000|  0%| F|  |TAMS 0x0000000083600000, 0x0000000083600000| Untracked 
|  55|0x0000000083700000, 0x0000000083700000, 0x0000000083800000|  0%| F|  |TAMS 0x0000000083700000, 0x0000000083700000| Untracked 
|  56|0x0000000083800000, 0x0000000083800000, 0x0000000083900000|  0%| F|  |TAMS 0x0000000083800000, 0x0000000083800000| Untracked 
|  57|0x0000000083900000, 0x0000000083900000, 0x0000000083a00000|  0%| F|  |TAMS 0x0000000083900000, 0x0000000083900000| Untracked 
|  58|0x0000000083a00000, 0x0000000083a00000, 0x0000000083b00000|  0%| F|  |TAMS 0x0000000083a00000, 0x0000000083a00000| Untracked 
|  59|0x0000000083b00000, 0x0000000083b00000, 0x0000000083c00000|  0%| F|  |TAMS 0x0000000083b00000, 0x0000000083b00000| Untracked 
|  60|0x0000000083c00000, 0x0000000083cb4a98, 0x0000000083d00000| 70%| S|CS|TAMS 0x0000000083c00000, 0x0000000083c00000| Complete 
|  61|0x0000000083d00000, 0x0000000083e00000, 0x0000000083e00000|100%| S|CS|TAMS 0x0000000083d00000, 0x0000000083d00000| Complete 
|  62|0x0000000083e00000, 0x0000000083f00000, 0x0000000083f00000|100%| S|CS|TAMS 0x0000000083e00000, 0x0000000083e00000| Complete 
|  63|0x0000000083f00000, 0x0000000084000000, 0x0000000084000000|100%| S|CS|TAMS 0x0000000083f00000, 0x0000000083f00000| Complete 
|  64|0x0000000084000000, 0x0000000084100000, 0x0000000084100000|100%| S|CS|TAMS 0x0000000084000000, 0x0000000084000000| Complete 
|  65|0x0000000084100000, 0x0000000084100000, 0x0000000084200000|  0%| F|  |TAMS 0x0000000084100000, 0x0000000084100000| Untracked 
|  66|0x0000000084200000, 0x0000000084200000, 0x0000000084300000|  0%| F|  |TAMS 0x0000000084200000, 0x0000000084200000| Untracked 
|  67|0x0000000084300000, 0x0000000084300000, 0x0000000084400000|  0%| F|  |TAMS 0x0000000084300000, 0x0000000084300000| Untracked 
|  68|0x0000000084400000, 0x0000000084400000, 0x0000000084500000|  0%| F|  |TAMS 0x0000000084400000, 0x0000000084400000| Untracked 
|  69|0x0000000084500000, 0x0000000084500000, 0x0000000084600000|  0%| F|  |TAMS 0x0000000084500000, 0x0000000084500000| Untracked 
|  70|0x0000000084600000, 0x0000000084700000, 0x0000000084700000|100%| S|CS|TAMS 0x0000000084600000, 0x0000000084600000| Complete 
|  71|0x0000000084700000, 0x0000000084700000, 0x0000000084800000|  0%| F|  |TAMS 0x0000000084700000, 0x0000000084700000| Untracked 
|  72|0x0000000084800000, 0x0000000084800000, 0x0000000084900000|  0%| F|  |TAMS 0x0000000084800000, 0x0000000084800000| Untracked 
|  73|0x0000000084900000, 0x0000000084900000, 0x0000000084a00000|  0%| F|  |TAMS 0x0000000084900000, 0x0000000084900000| Untracked 
|  74|0x0000000084a00000, 0x0000000084a00000, 0x0000000084b00000|  0%| F|  |TAMS 0x0000000084a00000, 0x0000000084a00000| Untracked 
|  75|0x0000000084b00000, 0x0000000084b00000, 0x0000000084c00000|  0%| F|  |TAMS 0x0000000084b00000, 0x0000000084b00000| Untracked 
|  76|0x0000000084c00000, 0x0000000084c00000, 0x0000000084d00000|  0%| F|  |TAMS 0x0000000084c00000, 0x0000000084c00000| Untracked 
|  77|0x0000000084d00000, 0x0000000084d00000, 0x0000000084e00000|  0%| F|  |TAMS 0x0000000084d00000, 0x0000000084d00000| Untracked 
|  78|0x0000000084e00000, 0x0000000084e00000, 0x0000000084f00000|  0%| F|  |TAMS 0x0000000084e00000, 0x0000000084e00000| Untracked 
|  79|0x0000000084f00000, 0x0000000084f00000, 0x0000000085000000|  0%| F|  |TAMS 0x0000000084f00000, 0x0000000084f00000| Untracked 
|  80|0x0000000085000000, 0x0000000085000000, 0x0000000085100000|  0%| F|  |TAMS 0x0000000085000000, 0x0000000085000000| Untracked 
|  81|0x0000000085100000, 0x0000000085100000, 0x0000000085200000|  0%| F|  |TAMS 0x0000000085100000, 0x0000000085100000| Untracked 
|  82|0x0000000085200000, 0x0000000085200000, 0x0000000085300000|  0%| F|  |TAMS 0x0000000085200000, 0x0000000085200000| Untracked 
|  83|0x0000000085300000, 0x0000000085300000, 0x0000000085400000|  0%| F|  |TAMS 0x0000000085300000, 0x0000000085300000| Untracked 
|  84|0x0000000085400000, 0x0000000085400000, 0x0000000085500000|  0%| F|  |TAMS 0x0000000085400000, 0x0000000085400000| Untracked 
|  85|0x0000000085500000, 0x0000000085500000, 0x0000000085600000|  0%| F|  |TAMS 0x0000000085500000, 0x0000000085500000| Untracked 
|  86|0x0000000085600000, 0x0000000085600000, 0x0000000085700000|  0%| F|  |TAMS 0x0000000085600000, 0x0000000085600000| Untracked 
|  87|0x0000000085700000, 0x0000000085700000, 0x0000000085800000|  0%| F|  |TAMS 0x0000000085700000, 0x0000000085700000| Untracked 
|  88|0x0000000085800000, 0x0000000085800000, 0x0000000085900000|  0%| F|  |TAMS 0x0000000085800000, 0x0000000085800000| Untracked 
|  89|0x0000000085900000, 0x0000000085900000, 0x0000000085a00000|  0%| F|  |TAMS 0x0000000085900000, 0x0000000085900000| Untracked 
|  90|0x0000000085a00000, 0x0000000085a00000, 0x0000000085b00000|  0%| F|  |TAMS 0x0000000085a00000, 0x0000000085a00000| Untracked 
|  91|0x0000000085b00000, 0x0000000085b00000, 0x0000000085c00000|  0%| F|  |TAMS 0x0000000085b00000, 0x0000000085b00000| Untracked 
|  92|0x0000000085c00000, 0x0000000085c00000, 0x0000000085d00000|  0%| F|  |TAMS 0x0000000085c00000, 0x0000000085c00000| Untracked 
|  93|0x0000000085d00000, 0x0000000085d00000, 0x0000000085e00000|  0%| F|  |TAMS 0x0000000085d00000, 0x0000000085d00000| Untracked 
|  94|0x0000000085e00000, 0x0000000085e00000, 0x0000000085f00000|  0%| F|  |TAMS 0x0000000085e00000, 0x0000000085e00000| Untracked 
|  95|0x0000000085f00000, 0x0000000085f00000, 0x0000000086000000|  0%| F|  |TAMS 0x0000000085f00000, 0x0000000085f00000| Untracked 
|  96|0x0000000086000000, 0x0000000086000000, 0x0000000086100000|  0%| F|  |TAMS 0x0000000086000000, 0x0000000086000000| Untracked 
|  97|0x0000000086100000, 0x0000000086100000, 0x0000000086200000|  0%| F|  |TAMS 0x0000000086100000, 0x0000000086100000| Untracked 
|  98|0x0000000086200000, 0x0000000086200000, 0x0000000086300000|  0%| F|  |TAMS 0x0000000086200000, 0x0000000086200000| Untracked 
|  99|0x0000000086300000, 0x0000000086300000, 0x0000000086400000|  0%| F|  |TAMS 0x0000000086300000, 0x0000000086300000| Untracked 
| 100|0x0000000086400000, 0x0000000086400000, 0x0000000086500000|  0%| F|  |TAMS 0x0000000086400000, 0x0000000086400000| Untracked 
| 101|0x0000000086500000, 0x0000000086500000, 0x0000000086600000|  0%| F|  |TAMS 0x0000000086500000, 0x0000000086500000| Untracked 
| 102|0x0000000086600000, 0x0000000086600000, 0x0000000086700000|  0%| F|  |TAMS 0x0000000086600000, 0x0000000086600000| Untracked 
| 103|0x0000000086700000, 0x0000000086700000, 0x0000000086800000|  0%| F|  |TAMS 0x0000000086700000, 0x0000000086700000| Untracked 
| 104|0x0000000086800000, 0x0000000086800000, 0x0000000086900000|  0%| F|  |TAMS 0x0000000086800000, 0x0000000086800000| Untracked 
| 105|0x0000000086900000, 0x0000000086900000, 0x0000000086a00000|  0%| F|  |TAMS 0x0000000086900000, 0x0000000086900000| Untracked 
| 106|0x0000000086a00000, 0x0000000086a00000, 0x0000000086b00000|  0%| F|  |TAMS 0x0000000086a00000, 0x0000000086a00000| Untracked 
| 107|0x0000000086b00000, 0x0000000086b00000, 0x0000000086c00000|  0%| F|  |TAMS 0x0000000086b00000, 0x0000000086b00000| Untracked 
| 108|0x0000000086c00000, 0x0000000086c00000, 0x0000000086d00000|  0%| F|  |TAMS 0x0000000086c00000, 0x0000000086c00000| Untracked 
| 109|0x0000000086d00000, 0x0000000086d00000, 0x0000000086e00000|  0%| F|  |TAMS 0x0000000086d00000, 0x0000000086d00000| Untracked 
| 110|0x0000000086e00000, 0x0000000086e00000, 0x0000000086f00000|  0%| F|  |TAMS 0x0000000086e00000, 0x0000000086e00000| Untracked 
| 111|0x0000000086f00000, 0x0000000086f83c10, 0x0000000087000000| 51%| E|  |TAMS 0x0000000086f00000, 0x0000000086f00000| Complete 
| 112|0x0000000087000000, 0x0000000087100000, 0x0000000087100000|100%| E|CS|TAMS 0x0000000087000000, 0x0000000087000000| Complete 
| 113|0x0000000087100000, 0x0000000087200000, 0x0000000087200000|100%| E|CS|TAMS 0x0000000087100000, 0x0000000087100000| Complete 
| 114|0x0000000087200000, 0x0000000087300000, 0x0000000087300000|100%| E|CS|TAMS 0x0000000087200000, 0x0000000087200000| Complete 
| 115|0x0000000087300000, 0x0000000087400000, 0x0000000087400000|100%| E|CS|TAMS 0x0000000087300000, 0x0000000087300000| Complete 
| 116|0x0000000087400000, 0x0000000087500000, 0x0000000087500000|100%| E|CS|TAMS 0x0000000087400000, 0x0000000087400000| Complete 
| 117|0x0000000087500000, 0x0000000087600000, 0x0000000087600000|100%| E|CS|TAMS 0x0000000087500000, 0x0000000087500000| Complete 
| 118|0x0000000087600000, 0x0000000087700000, 0x0000000087700000|100%| E|CS|TAMS 0x0000000087600000, 0x0000000087600000| Complete 
| 119|0x0000000087700000, 0x0000000087800000, 0x0000000087800000|100%| E|CS|TAMS 0x0000000087700000, 0x0000000087700000| Complete 

Card table byte_map: [0x00000121f5480000,0x00000121f5880000] _byte_map_base: 0x00000121f5080000

Marking Bits (Prev, Next): (CMBitMap*) 0x00000121dd0d2798, (CMBitMap*) 0x00000121dd0d27d0
 Prev Bits: [0x00000121f5c80000, 0x00000121f7c80000)
 Next Bits: [0x00000121f7c80000, 0x00000121f9c80000)

Polling page: 0x00000121dae50000

Metaspace:

Usage:
  Non-class:     41.49 MB capacity,    40.75 MB ( 98%) used,   630.27 KB (  1%) free+waste,   132.00 KB ( <1%) overhead. 
      Class:      6.43 MB capacity,     5.93 MB ( 92%) used,   444.87 KB (  7%) free+waste,    64.56 KB ( <1%) overhead. 
       Both:     47.92 MB capacity,    46.68 MB ( 97%) used,     1.05 MB (  2%) free+waste,   196.56 KB ( <1%) overhead. 

Virtual space:
  Non-class space:       42.00 MB reserved,      41.67 MB (>99%) committed 
      Class space:      504.00 MB reserved,       6.50 MB (  1%) committed 
             Both:      546.00 MB reserved,      48.17 MB (  9%) committed 

Chunk freelists:
   Non-Class:  55.00 KB
       Class:  12.00 KB
        Both:  67.00 KB

MaxMetaspaceSize: 512.00 MB
CompressedClassSpaceSize: 504.00 MB
Initial GC threshold: 20.80 MB
Current GC threshold: 58.83 MB
CDS: off

CodeHeap 'non-profiled nmethods': size=119168Kb used=2221Kb max_used=2221Kb free=116946Kb
 bounds [0x00000121ed3a0000, 0x00000121ed610000, 0x00000121f4800000]
CodeHeap 'profiled nmethods': size=119168Kb used=10764Kb max_used=10764Kb free=108403Kb
 bounds [0x00000121e5f40000, 0x00000121e69d0000, 0x00000121ed3a0000]
CodeHeap 'non-nmethods': size=7424Kb used=2850Kb max_used=3439Kb free=4573Kb
 bounds [0x00000121e5800000, 0x00000121e5b70000, 0x00000121e5f40000]
 total_blobs=5655 nmethods=4869 adapters=697
 compilation: enabled
              stopped_count=0, restarted_count=0
 full_count=0

Compilation events (20 events):
Event: 36.385 Thread 0x00000121fcc2b000 nmethod 4995 0x00000121e69b4810 code [0x00000121e69b49c0, 0x00000121e69b4b68]
Event: 36.385 Thread 0x00000121fcc2b000 4996       3       sun.net.www.protocol.file.FileURLConnection::<init> (38 bytes)
Event: 36.386 Thread 0x00000121fcc2b000 nmethod 4996 0x00000121e69b4c10 code [0x00000121e69b4e00, 0x00000121e69b51f8]
Event: 36.389 Thread 0x00000121fd751800 nmethod 4994 0x00000121e69b5390 code [0x00000121e69b5940, 0x00000121e69b8328]
Event: 36.397 Thread 0x00000121fcc2b000 4997       3       jdk.internal.loader.URLClassPath$1::next (59 bytes)
Event: 36.398 Thread 0x00000121fcc2b000 nmethod 4997 0x00000121e69b9410 code [0x00000121e69b9600, 0x00000121e69b99d8]
Event: 36.416 Thread 0x00000121fd751800 4998       3       jdk.internal.reflect.ClassFileAssembler::opc_invokespecial (26 bytes)
Event: 36.416 Thread 0x00000121fcc2b000 4999       3       jdk.internal.reflect.ClassFileAssembler::emitInt (46 bytes)
Event: 36.417 Thread 0x00000121fd751800 nmethod 4998 0x00000121e69b9b10 code [0x00000121e69b9d20, 0x00000121e69ba248]
Event: 36.417 Thread 0x00000121fcc2b000 nmethod 4999 0x00000121e69ba510 code [0x00000121e69ba740, 0x00000121e69bac18]
Event: 36.419 Thread 0x00000121fd751800 5000   !   3       org.gradle.internal.logging.sink.OutputEventRenderer::onOutput (101 bytes)
Event: 36.419 Thread 0x00000121fcc2b000 5001       3       org.gradle.internal.logging.sink.OutputEventTransformer::onOutput (399 bytes)
Event: 36.420 Thread 0x00000121fd751800 nmethod 5000 0x00000121e69bae90 code [0x00000121e69bb100, 0x00000121e69bbeb8]
Event: 36.421 Thread 0x00000121fcc2b000 nmethod 5001 0x00000121e69bc190 code [0x00000121e69bc5a0, 0x00000121e69be9b8]
Event: 36.468 Thread 0x00000121fd751800 5002       3       com.google.common.cache.LocalCache::usesWriteQueue (5 bytes)
Event: 36.468 Thread 0x00000121fd751800 nmethod 5002 0x00000121e69bf010 code [0x00000121e69bf1c0, 0x00000121e69bf398]
Event: 36.493 Thread 0x00000121fcc2b000 5003       3       com.google.common.reflect.TypeResolver::resolveType (74 bytes)
Event: 36.494 Thread 0x00000121fcc2b000 nmethod 5003 0x00000121e69bf490 code [0x00000121e69bf7a0, 0x00000121e69c0c88]
Event: 36.499 Thread 0x00000121fd751800 5004       3       java.lang.Long::bitCount (61 bytes)
Event: 36.499 Thread 0x00000121fd751800 nmethod 5004 0x00000121e69c1110 code [0x00000121e69c12c0, 0x00000121e69c1418]

GC Heap History (18 events):
Event: 1.896 GC heap before
{Heap before GC invocations=0 (full 0):
 garbage-first heap   total 122880K, used 29696K [0x0000000080000000, 0x0000000100000000)
  region size 1024K, 24 young (24576K), 0 survivors (0K)
 Metaspace       used 9855K, capacity 10028K, committed 10112K, reserved 526336K
  class space    used 994K, capacity 1069K, committed 1152K, reserved 516096K
}
Event: 1.910 GC heap after
{Heap after GC invocations=1 (full 0):
 garbage-first heap   total 122880K, used 9361K [0x0000000080000000, 0x0000000100000000)
  region size 1024K, 3 young (3072K), 3 survivors (3072K)
 Metaspace       used 9855K, capacity 10028K, committed 10112K, reserved 526336K
  class space    used 994K, capacity 1069K, committed 1152K, reserved 516096K
}
Event: 5.562 GC heap before
{Heap before GC invocations=1 (full 0):
 garbage-first heap   total 122880K, used 80017K [0x0000000080000000, 0x0000000100000000)
  region size 1024K, 72 young (73728K), 3 survivors (3072K)
 Metaspace       used 18209K, capacity 18584K, committed 18688K, reserved 532480K
  class space    used 2080K, capacity 2240K, committed 2304K, reserved 516096K
}
Event: 5.575 GC heap after
{Heap after GC invocations=2 (full 0):
 garbage-first heap   total 122880K, used 16855K [0x0000000080000000, 0x0000000100000000)
  region size 1024K, 9 young (9216K), 9 survivors (9216K)
 Metaspace       used 18209K, capacity 18584K, committed 18688K, reserved 532480K
  class space    used 2080K, capacity 2240K, committed 2304K, reserved 516096K
}
Event: 6.083 GC heap before
{Heap before GC invocations=2 (full 0):
 garbage-first heap   total 122880K, used 37335K [0x0000000080000000, 0x0000000100000000)
  region size 1024K, 30 young (30720K), 9 survivors (9216K)
 Metaspace       used 20731K, capacity 21113K, committed 21296K, reserved 536576K
  class space    used 2451K, capacity 2616K, committed 2688K, reserved 516096K
}
Event: 6.094 GC heap after
{Heap after GC invocations=3 (full 0):
 garbage-first heap   total 122880K, used 18033K [0x0000000080000000, 0x0000000100000000)
  region size 1024K, 1 young (1024K), 1 survivors (1024K)
 Metaspace       used 20731K, capacity 21113K, committed 21296K, reserved 536576K
  class space    used 2451K, capacity 2616K, committed 2688K, reserved 516096K
}
Event: 7.747 GC heap before
{Heap before GC invocations=4 (full 0):
 garbage-first heap   total 122880K, used 63089K [0x0000000080000000, 0x0000000100000000)
  region size 1024K, 45 young (46080K), 1 survivors (1024K)
 Metaspace       used 25206K, capacity 25776K, committed 25904K, reserved 538624K
  class space    used 3178K, capacity 3385K, committed 3456K, reserved 516096K
}
Event: 7.750 GC heap after
{Heap after GC invocations=5 (full 0):
 garbage-first heap   total 122880K, used 19432K [0x0000000080000000, 0x0000000100000000)
  region size 1024K, 3 young (3072K), 3 survivors (3072K)
 Metaspace       used 25206K, capacity 25776K, committed 25904K, reserved 538624K
  class space    used 3178K, capacity 3385K, committed 3456K, reserved 516096K
}
Event: 9.213 GC heap before
{Heap before GC invocations=5 (full 0):
 garbage-first heap   total 122880K, used 69608K [0x0000000080000000, 0x0000000100000000)
  region size 1024K, 52 young (53248K), 3 survivors (3072K)
 Metaspace       used 30230K, capacity 30978K, committed 31024K, reserved 544768K
  class space    used 3933K, capacity 4209K, committed 4224K, reserved 516096K
}
Event: 9.218 GC heap after
{Heap after GC invocations=6 (full 0):
 garbage-first heap   total 122880K, used 21106K [0x0000000080000000, 0x0000000100000000)
  region size 1024K, 4 young (4096K), 4 survivors (4096K)
 Metaspace       used 30230K, capacity 30978K, committed 31024K, reserved 544768K
  class space    used 3933K, capacity 4209K, committed 4224K, reserved 516096K
}
Event: 10.391 GC heap before
{Heap before GC invocations=6 (full 0):
 garbage-first heap   total 122880K, used 54898K [0x0000000080000000, 0x0000000100000000)
  region size 1024K, 38 young (38912K), 4 survivors (4096K)
 Metaspace       used 35014K, capacity 35805K, committed 35888K, reserved 548864K
  class space    used 4579K, capacity 4923K, committed 4992K, reserved 516096K
}
Event: 10.405 GC heap after
{Heap after GC invocations=7 (full 0):
 garbage-first heap   total 122880K, used 23324K [0x0000000080000000, 0x0000000100000000)
  region size 1024K, 7 young (7168K), 7 survivors (7168K)
 Metaspace       used 35014K, capacity 35805K, committed 35888K, reserved 548864K
  class space    used 4579K, capacity 4923K, committed 4992K, reserved 516096K
}
Event: 11.913 GC heap before
{Heap before GC invocations=8 (full 0):
 garbage-first heap   total 122880K, used 76572K [0x0000000080000000, 0x0000000100000000)
  region size 1024K, 57 young (58368K), 7 survivors (7168K)
 Metaspace       used 41307K, capacity 42282K, committed 42416K, reserved 552960K
  class space    used 5185K, capacity 5563K, committed 5632K, reserved 516096K
}
Event: 11.924 GC heap after
{Heap after GC invocations=9 (full 0):
 garbage-first heap   total 122880K, used 28122K [0x0000000080000000, 0x0000000100000000)
  region size 1024K, 8 young (8192K), 8 survivors (8192K)
 Metaspace       used 41307K, capacity 42282K, committed 42416K, reserved 552960K
  class space    used 5185K, capacity 5563K, committed 5632K, reserved 516096K
}
Event: 33.704 GC heap before
{Heap before GC invocations=9 (full 0):
 garbage-first heap   total 122880K, used 79322K [0x0000000080000000, 0x0000000100000000)
  region size 1024K, 58 young (59392K), 8 survivors (8192K)
 Metaspace       used 43303K, capacity 44539K, committed 44848K, reserved 555008K
  class space    used 5471K, capacity 5911K, committed 6016K, reserved 516096K
}
Event: 33.731 GC heap after
{Heap after GC invocations=10 (full 0):
 garbage-first heap   total 122880K, used 32098K [0x0000000080000000, 0x0000000100000000)
  region size 1024K, 5 young (5120K), 5 survivors (5120K)
 Metaspace       used 43303K, capacity 44539K, committed 44848K, reserved 555008K
  class space    used 5471K, capacity 5911K, committed 6016K, reserved 516096K
}
Event: 36.302 GC heap before
{Heap before GC invocations=10 (full 0):
 garbage-first heap   total 122880K, used 83298K [0x0000000080000000, 0x0000000100000000)
  region size 1024K, 54 young (55296K), 5 survivors (5120K)
 Metaspace       used 47220K, capacity 48586K, committed 48688K, reserved 559104K
  class space    used 5983K, capacity 6508K, committed 6528K, reserved 516096K
}
Event: 36.311 GC heap after
{Heap after GC invocations=11 (full 0):
 garbage-first heap   total 122880K, used 33736K [0x0000000080000000, 0x0000000100000000)
  region size 1024K, 6 young (6144K), 6 survivors (6144K)
 Metaspace       used 47220K, capacity 48586K, committed 48688K, reserved 559104K
  class space    used 5983K, capacity 6508K, committed 6528K, reserved 516096K
}

Deoptimization events (20 events):
Event: 33.736 Thread 0x00000121fd707800 Uncommon trap: trap_request=0xffffffde fr.pc=0x00000121ed4c696c relative=0x000000000000052c
Event: 33.736 Thread 0x00000121fd707800 Uncommon trap: reason=class_check action=maybe_recompile pc=0x00000121ed4c696c method=jdk.internal.ref.PhantomCleanable.clean()V @ 12 c2
Event: 33.736 Thread 0x00000121fd707800 DEOPT PACKING pc=0x00000121ed4c696c sp=0x0000000479bff1e0
Event: 33.736 Thread 0x00000121fd707800 DEOPT UNPACKING pc=0x00000121e584a1af sp=0x0000000479bff1c0 mode 2
Event: 33.736 Thread 0x00000121fd707800 Uncommon trap: trap_request=0xffffffde fr.pc=0x00000121ed4c696c relative=0x000000000000052c
Event: 33.736 Thread 0x00000121fd707800 Uncommon trap: reason=class_check action=maybe_recompile pc=0x00000121ed4c696c method=jdk.internal.ref.PhantomCleanable.clean()V @ 12 c2
Event: 33.737 Thread 0x00000121fd707800 DEOPT PACKING pc=0x00000121ed4c696c sp=0x0000000479bff1e0
Event: 33.737 Thread 0x00000121fd707800 DEOPT UNPACKING pc=0x00000121e584a1af sp=0x0000000479bff1c0 mode 2
Event: 36.207 Thread 0x00000121800f1800 DEOPT PACKING pc=0x00000121e5fef8ac sp=0x000000047a5fa8d0
Event: 36.207 Thread 0x00000121800f1800 DEOPT UNPACKING pc=0x00000121e584a95e sp=0x000000047a5f9e20 mode 0
Event: 36.235 Thread 0x00000121800f1800 DEOPT PACKING pc=0x00000121e6499d96 sp=0x000000047a5fb1f0
Event: 36.235 Thread 0x00000121800f1800 DEOPT UNPACKING pc=0x00000121e584a95e sp=0x000000047a5fa708 mode 0
Event: 36.278 Thread 0x00000121800f1800 Uncommon trap: trap_request=0xffffffc6 fr.pc=0x00000121ed52ca60 relative=0x0000000000003be0
Event: 36.278 Thread 0x00000121800f1800 Uncommon trap: reason=bimorphic_or_optimized_type_check action=maybe_recompile pc=0x00000121ed52ca60 method=java.util.AbstractCollection.addAll(Ljava/util/Collection;)Z @ 29 c2
Event: 36.278 Thread 0x00000121800f1800 DEOPT PACKING pc=0x00000121ed52ca60 sp=0x000000047a5f8ce0
Event: 36.278 Thread 0x00000121800f1800 DEOPT UNPACKING pc=0x00000121e584a1af sp=0x000000047a5f8cf0 mode 2
Event: 36.376 Thread 0x00000121800f1800 Uncommon trap: trap_request=0xffffffc6 fr.pc=0x00000121ed52ca60 relative=0x0000000000003be0
Event: 36.376 Thread 0x00000121800f1800 Uncommon trap: reason=bimorphic_or_optimized_type_check action=maybe_recompile pc=0x00000121ed52ca60 method=java.util.AbstractCollection.addAll(Ljava/util/Collection;)Z @ 29 c2
Event: 36.376 Thread 0x00000121800f1800 DEOPT PACKING pc=0x00000121ed52ca60 sp=0x000000047a5f7de0
Event: 36.376 Thread 0x00000121800f1800 DEOPT UNPACKING pc=0x00000121e584a1af sp=0x000000047a5f7df0 mode 2

Classes redefined (0 events):
No events

Internal exceptions (20 events):
Event: 33.550 Thread 0x00000121800f1800 Exception <a 'java/lang/NoSuchMethodError'{0x00000000850f9da0}: 'java.lang.Object java.lang.invoke.DelegatingMethodHandle$Holder.reinvoke_L(java.lang.Object, java.lang.Object, java.lang.Object, java.lang.Object, java.lang.Object, java.lang.Object, java.lang.Object, java.lang.Object, java.lang.Object, java.lang.Object, java.lang.Object, java.lang.Object, java.lang.Object, java.lang.Object, java.lang.Object, java.lang.Object, java.lang.Object, java.lang.Object, java.lang.Object, java.lang.Object, java.lang.O
Event: 33.551 Thread 0x00000121800f1800 Exception <a 'java/lang/NoSuchMethodError'{0x0000000084f061d0}: 'java.lang.Object java.lang.invoke.Invokers$Holder.invoker(java.lang.Object, java.lang.Object, java.lang.Object, java.lang.Object, java.lang.Object, java.lang.Object, java.lang.Object, java.lang.Object, java.lang.Object, java.lang.Object, java.lang.Object, java.lang.Object, java.lang.Object, java.lang.Object, java.lang.Object, java.lang.Object, java.lang.Object, java.lang.Object, java.lang.Object, java.lang.Object, java.lang.Object)'> (0x00000
Event: 33.551 Thread 0x00000121800f1800 Exception <a 'java/lang/NoSuchMethodError'{0x0000000084f0d258}: 'java.lang.Object java.lang.invoke.DelegatingMethodHandle$Holder.delegate(java.lang.Object, java.lang.Object, java.lang.Object, java.lang.Object, java.lang.Object, java.lang.Object, java.lang.Object, java.lang.Object, java.lang.Object, java.lang.Object, java.lang.Object, java.lang.Object, java.lang.Object, java.lang.Object, java.lang.Object, java.lang.Object, java.lang.Object, java.lang.Object, java.lang.Object, java.lang.Object, java.lang.Obj
Event: 33.563 Thread 0x00000121800f1800 Exception <a 'java/lang/NoSuchMethodError'{0x0000000084f55cc0}: 'java.lang.Object java.lang.invoke.DirectMethodHandle$Holder.invokeStatic(java.lang.Object, java.lang.Object, java.lang.Object, java.lang.Object, java.lang.Object, java.lang.Object, java.lang.Object, java.lang.Object, java.lang.Object, java.lang.Object, java.lang.Object, java.lang.Object, java.lang.Object, java.lang.Object, java.lang.Object)'> (0x0000000084f55cc0) thrown at [s\src\hotspot\share\interpreter\linkResolver.cpp, line 773]
Event: 33.569 Thread 0x00000121800f1800 Exception <a 'java/lang/NoSuchMethodError'{0x0000000084f66050}: 'java.lang.Object java.lang.invoke.DirectMethodHandle$Holder.invokeStatic(java.lang.Object, java.lang.Object, java.lang.Object, java.lang.Object, java.lang.Object, java.lang.Object, java.lang.Object, java.lang.Object, java.lang.Object, java.lang.Object, java.lang.Object, java.lang.Object, java.lang.Object, java.lang.Object, java.lang.Object, java.lang.Object)'> (0x0000000084f66050) thrown at [s\src\hotspot\share\interpreter\linkResolver.cpp, l
Event: 33.571 Thread 0x00000121800f1800 Exception <a 'java/lang/NoSuchMethodError'{0x0000000084f762f0}: 'java.lang.Object java.lang.invoke.DelegatingMethodHandle$Holder.reinvoke_L(java.lang.Object, java.lang.Object, java.lang.Object, java.lang.Object, java.lang.Object, java.lang.Object, java.lang.Object, java.lang.Object, java.lang.Object, java.lang.Object, java.lang.Object, java.lang.Object, java.lang.Object, java.lang.Object, java.lang.Object, java.lang.Object, java.lang.Object, java.lang.Object, java.lang.Object, java.lang.Object)'> (0x000000
Event: 33.853 Thread 0x00000121800f1800 Exception <a 'java/lang/IncompatibleClassChangeError'{0x000000008747aa58}: Found class java.lang.Object, but interface was expected> (0x000000008747aa58) thrown at [s\src\hotspot\share\interpreter\linkResolver.cpp, line 839]
Event: 34.142 Thread 0x00000121800f1800 Exception <a 'java/lang/IncompatibleClassChangeError'{0x0000000086edcd40}: Found class java.lang.Object, but interface was expected> (0x0000000086edcd40) thrown at [s\src\hotspot\share\interpreter\linkResolver.cpp, line 839]
Event: 34.228 Thread 0x00000121800f1800 Exception <a 'java/lang/NoSuchMethodError'{0x0000000086b58258}: 'int java.lang.invoke.DirectMethodHandle$Holder.invokeStaticInit(java.lang.Object, java.lang.Object, java.lang.Object, java.lang.Object, java.lang.Object)'> (0x0000000086b58258) thrown at [s\src\hotspot\share\interpreter\linkResolver.cpp, line 773]
Event: 34.692 Thread 0x00000121800f1800 Exception <a 'java/lang/NoSuchMethodError'{0x0000000085df2b78}: 'void java.lang.invoke.DirectMethodHandle$Holder.invokeInterface(java.lang.Object, java.lang.Object)'> (0x0000000085df2b78) thrown at [s\src\hotspot\share\interpreter\linkResolver.cpp, line 773]
Event: 34.765 Thread 0x00000121800f1800 Exception <a 'java/lang/NoSuchMethodError'{0x0000000085a6adf0}: 'java.lang.Object java.lang.invoke.DirectMethodHandle$Holder.invokeStatic(java.lang.Object, int, java.lang.Object)'> (0x0000000085a6adf0) thrown at [s\src\hotspot\share\interpreter\linkResolver.cpp, line 773]
Event: 36.282 Thread 0x00000121800f1800 Exception <a 'java/lang/ClassNotFoundException'{0x00000000849e2c88}: org/gradle/internal/metaobject/ConfigureDelegateBeanInfo> (0x00000000849e2c88) thrown at [s\src\hotspot\share\classfile\systemDictionary.cpp, line 230]
Event: 36.282 Thread 0x00000121800f1800 Exception <a 'java/lang/ClassNotFoundException'{0x00000000849fc448}: org/gradle/internal/metaobject/ConfigureDelegateCustomizer> (0x00000000849fc448) thrown at [s\src\hotspot\share\classfile\systemDictionary.cpp, line 230]
Event: 36.294 Thread 0x00000121800f1800 Exception <a 'java/lang/ClassNotFoundException'{0x0000000084709718}: org/gradle/api/internal/project/DefaultProject_DecoratedBeanInfo> (0x0000000084709718) thrown at [s\src\hotspot\share\classfile\systemDictionary.cpp, line 230]
Event: 36.295 Thread 0x00000121800f1800 Exception <a 'java/lang/ClassNotFoundException'{0x0000000084723850}: org/gradle/api/internal/project/DefaultProjectBeanInfo> (0x0000000084723850) thrown at [s\src\hotspot\share\classfile\systemDictionary.cpp, line 230]
Event: 36.295 Thread 0x00000121800f1800 Exception <a 'java/lang/ClassNotFoundException'{0x000000008473d9d0}: org/gradle/api/internal/project/DefaultProjectCustomizer> (0x000000008473d9d0) thrown at [s\src\hotspot\share\classfile\systemDictionary.cpp, line 230]
Event: 36.301 Thread 0x00000121800f1800 Exception <a 'java/lang/ClassNotFoundException'{0x00000000847ec380}: org/gradle/api/internal/project/DefaultProject_DecoratedCustomizer> (0x00000000847ec380) thrown at [s\src\hotspot\share\classfile\systemDictionary.cpp, line 230]
Event: 36.331 Thread 0x00000121800f1800 Exception <a 'java/lang/ClassNotFoundException'{0x00000000877ef508}: org/gradle/configuration/internal/DefaultListenerBuildOperationDecorator$BuildOperationEmittingClosureBeanInfo> (0x00000000877ef508) thrown at [s\src\hotspot\share\classfile\systemDictionary.cpp, line 230]
Event: 36.331 Thread 0x00000121800f1800 Exception <a 'java/lang/ClassNotFoundException'{0x0000000087612578}: org/gradle/configuration/internal/DefaultListenerBuildOperationDecorator$BuildOperationEmittingClosureCustomizer> (0x0000000087612578) thrown at [s\src\hotspot\share\classfile\systemDictionary.cpp, line 230]
Event: 36.415 Thread 0x00000121801a9800 Exception <a 'java/lang/NoSuchMethodError'{0x0000000087406d90}: <clinit>> (0x0000000087406d90) thrown at [s\src\hotspot\share\prims\jni.cpp, line 1367]

Events (20 events):
Event: 36.488 loading class org/gradle/language/base/LanguageSourceSet
Event: 36.488 loading class org/gradle/language/base/LanguageSourceSet done
Event: 36.488 loading class org/gradle/platform/base/SourceComponentSpec
Event: 36.488 loading class org/gradle/platform/base/SourceComponentSpec done
Event: 36.489 loading class org/gradle/platform/base/ComponentType
Event: 36.489 loading class org/gradle/platform/base/ComponentType done
Event: 36.490 loading class org/gradle/platform/base/internal/registry/BinaryTasksModelRuleExtractor
Event: 36.490 loading class org/gradle/platform/base/internal/registry/BinaryTasksModelRuleExtractor done
Event: 36.492 loading class org/gradle/platform/base/internal/registry/BinaryTasksModelRuleExtractor$1
Event: 36.492 loading class org/gradle/platform/base/internal/registry/BinaryTasksModelRuleExtractor$1 done
Event: 36.493 loading class org/gradle/platform/base/BinaryContainer
Event: 36.493 loading class org/gradle/platform/base/BinaryContainer done
Event: 36.495 loading class org/gradle/model/internal/core/ModelPath$1
Event: 36.495 loading class org/gradle/model/internal/core/ModelPath$1 done
Event: 36.496 loading class org/gradle/model/internal/core/ModelPath$InvalidNameException
Event: 36.496 loading class org/gradle/model/internal/core/ModelPath$InvalidNameException done
Event: 36.497 loading class org/gradle/model/internal/core/ModelPath$InvalidPathException
Event: 36.497 loading class org/gradle/model/internal/core/ModelPath$InvalidPathException done
Event: 36.500 loading class org/gradle/model/internal/core/ModelPath$Cache
Event: 36.500 loading class org/gradle/model/internal/core/ModelPath$Cache done


Dynamic libraries:
0x00007ff611880000 - 0x00007ff61188d000 	C:\Program Files\Microsoft\jdk-11.0.20.8-hotspot\bin\java.exe
0x00007ffb36710000 - 0x00007ffb36927000 	C:\WINDOWS\SYSTEM32\ntdll.dll
0x00007ffb35ab0000 - 0x00007ffb35b74000 	C:\WINDOWS\System32\KERNEL32.DLL
0x00007ffb340b0000 - 0x00007ffb34455000 	C:\WINDOWS\System32\KERNELBASE.dll
0x00007ffb2bb20000 - 0x00007ffb2bb37000 	C:\Program Files\Microsoft\jdk-11.0.20.8-hotspot\bin\jli.dll
0x00007ffb33ee0000 - 0x00007ffb33ff1000 	C:\WINDOWS\System32\ucrtbase.dll
0x00007ffb2bb40000 - 0x00007ffb2bb55000 	C:\Program Files\Microsoft\jdk-11.0.20.8-hotspot\bin\VCRUNTIME140.dll
0x00007ffb36190000 - 0x00007ffb3633e000 	C:\WINDOWS\System32\USER32.dll
0x00007ffb34000000 - 0x00007ffb34026000 	C:\WINDOWS\System32\win32u.dll
0x00007ffb35730000 - 0x00007ffb35759000 	C:\WINDOWS\System32\GDI32.dll
0x00007ffb1b880000 - 0x00007ffb1bb13000 	C:\WINDOWS\WinSxS\amd64_microsoft.windows.common-controls_6595b64144ccf1df_6.0.22621.2506_none_270c5ae97388e100\COMCTL32.dll
0x00007ffb33a80000 - 0x00007ffb33b99000 	C:\WINDOWS\System32\gdi32full.dll
0x00007ffb33ba0000 - 0x00007ffb33c3a000 	C:\WINDOWS\System32\msvcp_win.dll
0x00007ffb35b80000 - 0x00007ffb35c27000 	C:\WINDOWS\System32\msvcrt.dll
0x00007ffb35870000 - 0x00007ffb358a1000 	C:\WINDOWS\System32\IMM32.DLL
0x00007ffb22d20000 - 0x00007ffb22dbb000 	C:\Program Files\Microsoft\jdk-11.0.20.8-hotspot\bin\msvcp140.dll
0x00007ffae49a0000 - 0x00007ffae5536000 	C:\Program Files\Microsoft\jdk-11.0.20.8-hotspot\bin\server\jvm.dll
0x00007ffb35ff0000 - 0x00007ffb360a1000 	C:\WINDOWS\System32\ADVAPI32.dll
0x00007ffb353f0000 - 0x00007ffb35496000 	C:\WINDOWS\System32\sechost.dll
0x00007ffb35c90000 - 0x00007ffb35da7000 	C:\WINDOWS\System32\RPCRT4.dll
0x00007ffb36160000 - 0x00007ffb36168000 	C:\WINDOWS\System32\PSAPI.DLL
0x00007ffb2a4b0000 - 0x00007ffb2a4e4000 	C:\WINDOWS\SYSTEM32\WINMM.dll
0x00007ffb2a4a0000 - 0x00007ffb2a4aa000 	C:\WINDOWS\SYSTEM32\VERSION.dll
0x00007ffb14150000 - 0x00007ffb14159000 	C:\WINDOWS\SYSTEM32\WSOCK32.dll
0x00007ffb358d0000 - 0x00007ffb35941000 	C:\WINDOWS\System32\WS2_32.dll
0x00007ffb32a80000 - 0x00007ffb32a98000 	C:\WINDOWS\SYSTEM32\kernel.appcore.dll
0x00007ffb309b0000 - 0x00007ffb309c0000 	C:\Program Files\Microsoft\jdk-11.0.20.8-hotspot\bin\verify.dll
0x00007ffb30c10000 - 0x00007ffb30e43000 	C:\WINDOWS\SYSTEM32\DBGHELP.DLL
0x00007ffb36340000 - 0x00007ffb366c9000 	C:\WINDOWS\System32\combase.dll
0x00007ffb354a0000 - 0x00007ffb35577000 	C:\WINDOWS\System32\OLEAUT32.dll
0x00007ffb29f40000 - 0x00007ffb29f72000 	C:\WINDOWS\SYSTEM32\dbgcore.DLL
0x00007ffb34030000 - 0x00007ffb340aa000 	C:\WINDOWS\System32\bcryptPrimitives.dll
0x00007ffb28490000 - 0x00007ffb284b8000 	C:\Program Files\Microsoft\jdk-11.0.20.8-hotspot\bin\java.dll
0x00007ffb30980000 - 0x00007ffb3098a000 	C:\Program Files\Microsoft\jdk-11.0.20.8-hotspot\bin\jimage.dll
0x00007ffb28d30000 - 0x00007ffb28d48000 	C:\Program Files\Microsoft\jdk-11.0.20.8-hotspot\bin\zip.dll
0x00007ffb34460000 - 0x00007ffb34cb9000 	C:\WINDOWS\System32\SHELL32.dll
0x00007ffb319a0000 - 0x00007ffb32294000 	C:\WINDOWS\SYSTEM32\windows.storage.dll
0x00007ffb31860000 - 0x00007ffb3199e000 	C:\WINDOWS\SYSTEM32\wintypes.dll
0x00007ffb34e10000 - 0x00007ffb34f03000 	C:\WINDOWS\System32\SHCORE.dll
0x00007ffb35c30000 - 0x00007ffb35c8e000 	C:\WINDOWS\System32\shlwapi.dll
0x00007ffb339b0000 - 0x00007ffb339d6000 	C:\WINDOWS\SYSTEM32\profapi.dll
0x00007ffb239c0000 - 0x00007ffb239d9000 	C:\Program Files\Microsoft\jdk-11.0.20.8-hotspot\bin\net.dll
0x00007ffb2d9b0000 - 0x00007ffb2dae7000 	C:\WINDOWS\SYSTEM32\WINHTTP.dll
0x00007ffb32f60000 - 0x00007ffb32fc9000 	C:\WINDOWS\system32\mswsock.dll
0x00007ffb239a0000 - 0x00007ffb239b3000 	C:\Program Files\Microsoft\jdk-11.0.20.8-hotspot\bin\nio.dll
0x00007ffa29000000 - 0x00007ffa29027000 	C:\Users\legen\.gradle\native\e1d6ef7f7dcc3fd88c89a11ec53ec762bb8ba0a96d01ffa2cd45eb1d1d8dd5c5\windows-amd64\native-platform.dll
0x00007ffb1f0d0000 - 0x00007ffb1f214000 	C:\Users\legen\.gradle\native\0d407fdbe67a94daf76414ababcb853783967236a71b16ec16e742cd7a986fd3\windows-amd64\native-platform-file-events.dll
0x00007ffb2bbe0000 - 0x00007ffb2bbe9000 	C:\Program Files\Microsoft\jdk-11.0.20.8-hotspot\bin\management.dll
0x00007ffb22d10000 - 0x00007ffb22d1b000 	C:\Program Files\Microsoft\jdk-11.0.20.8-hotspot\bin\management_ext.dll
0x00007ffb331c0000 - 0x00007ffb331db000 	C:\WINDOWS\SYSTEM32\CRYPTSP.dll
0x00007ffb329e0000 - 0x00007ffb32a15000 	C:\WINDOWS\system32\rsaenh.dll
0x00007ffb33060000 - 0x00007ffb3308c000 	C:\WINDOWS\SYSTEM32\USERENV.dll
0x00007ffb33410000 - 0x00007ffb33438000 	C:\WINDOWS\SYSTEM32\bcrypt.dll
0x00007ffb331e0000 - 0x00007ffb331ec000 	C:\WINDOWS\SYSTEM32\CRYPTBASE.dll
0x00007ffb32540000 - 0x00007ffb3256d000 	C:\WINDOWS\SYSTEM32\IPHLPAPI.DLL
0x00007ffb35860000 - 0x00007ffb35869000 	C:\WINDOWS\System32\NSI.dll
0x00007ffb2d820000 - 0x00007ffb2d839000 	C:\WINDOWS\SYSTEM32\dhcpcsvc6.DLL
0x00007ffb2d510000 - 0x00007ffb2d52f000 	C:\WINDOWS\SYSTEM32\dhcpcsvc.DLL
0x00007ffb32570000 - 0x00007ffb32669000 	C:\WINDOWS\SYSTEM32\DNSAPI.dll

dbghelp: loaded successfully - version: 4.0.5 - missing functions: none
symbol engine: initialized successfully - sym options: 0x614 - pdb path: .;C:\Program Files\Microsoft\jdk-11.0.20.8-hotspot\bin;C:\WINDOWS\SYSTEM32;C:\WINDOWS\WinSxS\amd64_microsoft.windows.common-controls_6595b64144ccf1df_6.0.22621.2506_none_270c5ae97388e100;C:\Program Files\Microsoft\jdk-11.0.20.8-hotspot\bin\server;C:\Users\legen\.gradle\native\e1d6ef7f7dcc3fd88c89a11ec53ec762bb8ba0a96d01ffa2cd45eb1d1d8dd5c5\windows-amd64;C:\Users\legen\.gradle\native\0d407fdbe67a94daf76414ababcb853783967236a71b16ec16e742cd7a986fd3\windows-amd64

VM Arguments:
jvm_args: -XX:MaxMetaspaceSize=512m --add-opens=java.base/java.util=ALL-UNNAMED --add-opens=java.base/java.lang=ALL-UNNAMED --add-opens=java.base/java.lang.invoke=ALL-UNNAMED --add-opens=java.base/java.util=ALL-UNNAMED --add-opens=java.prefs/java.util.prefs=ALL-UNNAMED --add-opens=java.prefs/java.util.prefs=ALL-UNNAMED --add-opens=java.base/java.nio.charset=ALL-UNNAMED --add-opens=java.base/java.net=ALL-UNNAMED --add-opens=java.base/java.util.concurrent.atomic=ALL-UNNAMED -Xmx2048m -Dfile.encoding=utf8 -Duser.country=US -Duser.language=en -Duser.variant 
java_command: org.gradle.launcher.daemon.bootstrap.GradleDaemon 7.5.1
java_class_path (initial): C:\Users\legen\.gradle\wrapper\dists\gradle-7.5.1-all\1ehga6e77gqps5uk2kc5kf1vc\gradle-7.5.1\lib\gradle-launcher-7.5.1.jar
Launcher Type: SUN_STANDARD

[Global flags]
     intx CICompilerCount                          = 12                                        {product} {ergonomic}
   size_t CompressedClassSpaceSize                 = 528482304                                 {product} {ergonomic}
     uint ConcGCThreads                            = 3                                         {product} {ergonomic}
     uint G1ConcRefinementThreads                  = 13                                        {product} {ergonomic}
   size_t G1HeapRegionSize                         = 1048576                                   {product} {ergonomic}
    uintx GCDrainStackTargetSize                   = 64                                        {product} {ergonomic}
   size_t InitialHeapSize                          = 125829120                                 {product} {ergonomic}
   size_t MarkStackSize                            = 4194304                                   {product} {ergonomic}
   size_t MaxHeapSize                              = 2147483648                                {product} {command line}
   size_t MaxMetaspaceSize                         = 536870912                                 {product} {command line}
   size_t MaxNewSize                               = 1287651328                                {product} {ergonomic}
   size_t MinHeapDeltaBytes                        = 1048576                                   {product} {ergonomic}
    uintx NonNMethodCodeHeapSize                   = 7594288                                {pd product} {ergonomic}
    uintx NonProfiledCodeHeapSize                  = 122031976                              {pd product} {ergonomic}
    uintx ProfiledCodeHeapSize                     = 122031976                              {pd product} {ergonomic}
    uintx ReservedCodeCacheSize                    = 251658240                              {pd product} {ergonomic}
     bool SegmentedCodeCache                       = true                                      {product} {ergonomic}
     bool UseCompressedClassPointers               = true                                 {lp64_product} {ergonomic}
     bool UseCompressedOops                        = true                                 {lp64_product} {ergonomic}
     bool UseG1GC                                  = true                                      {product} {ergonomic}
     bool UseLargePagesIndividualAllocation        = false                                  {pd product} {ergonomic}

Logging:
Log output configuration:
 #0: stdout all=warning uptime,level,tags
 #1: stderr all=off uptime,level,tags

Environment Variables:
JAVA_HOME=C:\Program Files\Microsoft\jdk-11.0.20.8-hotspot\
PATH=C:\Program Files\Microsoft\jdk-11.0.20.8-hotspot\bin;C:\Program Files (x86)\Common Files\Oracle\Java\javapath;C:\Windows\system32;C:\Windows;C:\Windows\System32\Wbem;C:\Windows\System32\WindowsPowerShell\v1.0\;C:\Windows\System32\OpenSSH\;C:\Program Files (x86)\NVIDIA Corporation\PhysX\Common;C:\Program Files\NVIDIA Corporation\NVIDIA NvDLISR;C:\WINDOWS\system32;C:\WINDOWS;C:\WINDOWS\System32\Wbem;C:\WINDOWS\System32\WindowsPowerShell\v1.0\;C:\WINDOWS\System32\OpenSSH\;C:\Program Files (x86)\Windows Kits\10\Windows Performance Toolkit\;C:\Program Files\Git\cmd;C:\Program Files\Java\jdk1.8.0_202\bin;C:\Program Files\nodejs\;C:\ProgramData\chocolatey\bin;C:\Users\legen\AppData\Local\Android\Sdk\platform-tools;C:\Users\legen\AppData\Local\Microsoft\WindowsApps;C:\Users\legen\AppData\Local\Programs\Microsoft VS Code\bin;C:\Users\legen\AppData\Roaming\npm;
USERNAME=legen
OS=Windows_NT
PROCESSOR_IDENTIFIER=AMD64 Family 23 Model 96 Stepping 1, AuthenticAMD
TMP=C:\Users\legen\AppData\Local\Temp
TEMP=C:\Users\legen\AppData\Local\Temp



---------------  S Y S T E M  ---------------

OS: Windows 11 , 64 bit Build 22621 (10.0.22621.2506)
OS uptime: 9 days 2:23 hours

CPU:total 16 (initial active 16) (16 cores per cpu, 2 threads per core) family 23 model 96 stepping 1 microcode 0x0, cmov, cx8, fxsr, mmx, sse, sse2, sse3, ssse3, sse4.1, sse4.2, popcnt, avx, avx2, aes, clmul, mmxext, 3dnowpref, lzcnt, sse4a, ht, tsc, tscinvbit, tscinv, bmi1, bmi2, adx, sha, fma

Memory: 4k page, system-wide physical 7599M (101M free)
TotalPageFile size 31151M (AvailPageFile size 2M)
current process WorkingSet (physical memory assigned to process): 181M, peak: 234M
current process commit charge ("private bytes"): 314M, peak: 321M

vm_info: OpenJDK 64-Bit Server VM (11.0.20+8-LTS) for windows-amd64 JRE (11.0.20+8-LTS), built on Jul  7 2023 17:05:21 by "MicrosoftCorporation" with MS VC++ 15.9 (VS2017)

END.
