#
# There is insufficient memory for the Java Runtime Environment to continue.
# Native memory allocation (malloc) failed to allocate 968016 bytes for Chunk::new
# Possible reasons:
#   The system is out of physical RAM or swap space
#   The process is running with CompressedOops enabled, and the Java Heap may be blocking the growth of the native heap
# Possible solutions:
#   Reduce memory load on the system
#   Increase physical memory or swap space
#   Check if swap backing store is full
#   Decrease Java heap size (-Xmx/-Xms)
#   Decrease number of Java threads
#   Decrease Java thread stack sizes (-Xss)
#   Set larger code cache with -XX:ReservedCodeCacheSize=
#   JVM is running with Unscaled Compressed Oops mode in which the Java heap is
#     placed in the first 4GB address space. The Java Heap base address is the
#     maximum limit for the native heap growth. Please use -XX:HeapBaseMinAddress
#     to set the Java Heap base and to place the Java Heap above 4GB virtual address.
# This output file may be truncated or incomplete.
#
#  Out of Memory Error (arena.cpp:197), pid=36152, tid=32268
#
# JRE version: OpenJDK Runtime Environment Microsoft-8035250 (11.0.20+8) (build 11.0.20+8-LTS)
# Java VM: OpenJDK 64-Bit Server VM Microsoft-8035250 (11.0.20+8-LTS, mixed mode, tiered, compressed oops, g1 gc, windows-amd64)
# No core dump will be written. Minidumps are not enabled by default on client versions of Windows
#

---------------  S U M M A R Y ------------

Command Line: -XX:MaxMetaspaceSize=512m --add-opens=java.base/java.util=ALL-UNNAMED --add-opens=java.base/java.lang=ALL-UNNAMED --add-opens=java.base/java.lang.invoke=ALL-UNNAMED --add-opens=java.base/java.util=ALL-UNNAMED --add-opens=java.prefs/java.util.prefs=ALL-UNNAMED --add-opens=java.prefs/java.util.prefs=ALL-UNNAMED --add-opens=java.base/java.nio.charset=ALL-UNNAMED --add-opens=java.base/java.net=ALL-UNNAMED --add-opens=java.base/java.util.concurrent.atomic=ALL-UNNAMED -Xmx2048m -Dfile.encoding=windows-1258 -Duser.country=US -Duser.language=en -Duser.variant org.gradle.launcher.daemon.bootstrap.GradleDaemon 7.5.1

Host: AMD Ryzen 7 4800H with Radeon Graphics         , 16 cores, 7G,  Windows 11 , 64 bit Build 22621 (10.0.22621.2506)
Time: Sun Dec 24 16:32:47 2023 SE Asia Standard Time elapsed time: 36.593516 seconds (0d 0h 0m 36s)

---------------  T H R E A D  ---------------

Current thread (0x0000017d228fe000):  JavaThread "C2 CompilerThread0" daemon [_thread_in_native, id=32268, stack(0x0000005369700000,0x0000005369800000)]


Current CompileTask:
C2:  36593 4703       4       org.gradle.internal.service.DefaultServiceRegistry$OwnServices::getService (309 bytes)

Stack: [0x0000005369700000,0x0000005369800000]
Native frames: (J=compiled Java code, j=interpreted, Vv=VM code, C=native code)
V  [jvm.dll+0x62e9da]
V  [jvm.dll+0x7bc4e9]
V  [jvm.dll+0x7bdbd8]
V  [jvm.dll+0x7be2b3]
V  [jvm.dll+0x2505a8]
V  [jvm.dll+0xc263c]
V  [jvm.dll+0xc2bfc]
V  [jvm.dll+0x2c56a4]
V  [jvm.dll+0x536a1c]
V  [jvm.dll+0x209056]
V  [jvm.dll+0x20b223]
V  [jvm.dll+0x20881b]
V  [jvm.dll+0x18a7de]
V  [jvm.dll+0x2181ec]
V  [jvm.dll+0x21642b]
V  [jvm.dll+0x77efc0]
V  [jvm.dll+0x777db4]
V  [jvm.dll+0x62d845]
C  [ucrtbase.dll+0x29363]
C  [KERNEL32.DLL+0x1257d]
C  [ntdll.dll+0x5aa58]


---------------  P R O C E S S  ---------------

Threads class SMR info:
_java_thread_list=0x0000017d28903720, length=40, elements={
0x0000017d02c8d800, 0x0000017d228eb000, 0x0000017d228e1000, 0x0000017d228f6800,
0x0000017d228f8800, 0x0000017d228fa000, 0x0000017d228fe000, 0x0000017d2290c800,
0x0000017d2291e000, 0x0000017d233c9000, 0x0000017d24349000, 0x0000017d24451800,
0x0000017d246d5000, 0x0000017d25147800, 0x0000017d24405800, 0x0000017d24d20800,
0x0000017d251d5000, 0x0000017d25284800, 0x0000017d25285000, 0x0000017d251d6000,
0x0000017d23370000, 0x0000017d23371800, 0x0000017d23376800, 0x0000017d23372800,
0x0000017d23371000, 0x0000017d23373800, 0x0000017d23376000, 0x0000017d23374000,
0x0000017d23375000, 0x0000017d24094800, 0x0000017d24093000, 0x0000017d24093800,
0x0000017d24095800, 0x0000017d24098000, 0x0000017d2409a000, 0x0000017d24097000,
0x0000017d24096000, 0x0000017d24098800, 0x0000017d2409e800, 0x0000017d24099800
}

Java Threads: ( => current thread )
  0x0000017d02c8d800 JavaThread "main" [_thread_blocked, id=2392, stack(0x0000005368b00000,0x0000005368c00000)]
  0x0000017d228eb000 JavaThread "Reference Handler" daemon [_thread_blocked, id=20812, stack(0x0000005369200000,0x0000005369300000)]
  0x0000017d228e1000 JavaThread "Finalizer" daemon [_thread_blocked, id=21156, stack(0x0000005369300000,0x0000005369400000)]
  0x0000017d228f6800 JavaThread "Signal Dispatcher" daemon [_thread_blocked, id=26568, stack(0x0000005369400000,0x0000005369500000)]
  0x0000017d228f8800 JavaThread "Attach Listener" daemon [_thread_blocked, id=17436, stack(0x0000005369500000,0x0000005369600000)]
  0x0000017d228fa000 JavaThread "Service Thread" daemon [_thread_blocked, id=28040, stack(0x0000005369600000,0x0000005369700000)]
=>0x0000017d228fe000 JavaThread "C2 CompilerThread0" daemon [_thread_in_native, id=32268, stack(0x0000005369700000,0x0000005369800000)]
  0x0000017d2290c800 JavaThread "C1 CompilerThread0" daemon [_thread_blocked, id=21444, stack(0x0000005369800000,0x0000005369900000)]
  0x0000017d2291e000 JavaThread "Sweeper thread" daemon [_thread_blocked, id=8924, stack(0x0000005369900000,0x0000005369a00000)]
  0x0000017d233c9000 JavaThread "Common-Cleaner" daemon [_thread_blocked, id=36012, stack(0x0000005369a00000,0x0000005369b00000)]
  0x0000017d24349000 JavaThread "Daemon health stats" [_thread_blocked, id=36080, stack(0x0000005369e00000,0x0000005369f00000)]
  0x0000017d24451800 JavaThread "Incoming local TCP Connector on port 58613" [_thread_in_native, id=36832, stack(0x0000005369f00000,0x000000536a000000)]
  0x0000017d246d5000 JavaThread "Daemon periodic checks" [_thread_blocked, id=5292, stack(0x000000536a000000,0x000000536a100000)]
  0x0000017d25147800 JavaThread "Daemon" [_thread_blocked, id=1912, stack(0x000000536a100000,0x000000536a200000)]
  0x0000017d24405800 JavaThread "Handler for socket connection from /127.0.0.1:58613 to /127.0.0.1:58615" [_thread_in_native, id=28128, stack(0x000000536a200000,0x000000536a300000)]
  0x0000017d24d20800 JavaThread "Cancel handler" [_thread_blocked, id=9892, stack(0x000000536a300000,0x000000536a400000)]
  0x0000017d251d5000 JavaThread "Daemon worker" [_thread_in_Java, id=5732, stack(0x000000536a400000,0x000000536a500000)]
  0x0000017d25284800 JavaThread "Asynchronous log dispatcher for DefaultDaemonConnection: socket connection from /127.0.0.1:58613 to /127.0.0.1:58615" [_thread_blocked, id=35052, stack(0x000000536a500000,0x000000536a600000)]
  0x0000017d25285000 JavaThread "Stdin handler" [_thread_blocked, id=27384, stack(0x000000536a600000,0x000000536a700000)]
  0x0000017d251d6000 JavaThread "Daemon client event forwarder" [_thread_blocked, id=2020, stack(0x000000536a700000,0x000000536a800000)]
  0x0000017d23370000 JavaThread "Cache worker for journal cache (C:\Users\legen\.gradle\caches\journal-1)" [_thread_blocked, id=10152, stack(0x000000536b400000,0x000000536b500000)]
  0x0000017d23371800 JavaThread "File lock request listener" [_thread_in_native, id=19596, stack(0x000000536b500000,0x000000536b600000)]
  0x0000017d23376800 JavaThread "File lock release action executor" [_thread_blocked, id=13276, stack(0x000000536b600000,0x000000536b700000)]
  0x0000017d23372800 JavaThread "Cache worker for file hash cache (C:\Users\legen\.gradle\caches\7.5.1\fileHashes)" [_thread_blocked, id=32892, stack(0x000000536b900000,0x000000536ba00000)]
  0x0000017d23371000 JavaThread "File watcher server" daemon [_thread_in_native, id=36204, stack(0x000000536ba00000,0x000000536bb00000)]
  0x0000017d23373800 JavaThread "File watcher consumer" daemon [_thread_blocked, id=35844, stack(0x000000536bb00000,0x000000536bc00000)]
  0x0000017d23376000 JavaThread "Cache worker for checksums cache (C:\Users\legen\DaNenTang\android\.gradle\7.5.1\checksums)" [_thread_blocked, id=12548, stack(0x000000536bd00000,0x000000536be00000)]
  0x0000017d23374000 JavaThread "Cache worker for cache directory md-rule (C:\Users\legen\.gradle\caches\7.5.1\md-rule)" [_thread_blocked, id=18908, stack(0x000000536be00000,0x000000536bf00000)]
  0x0000017d23375000 JavaThread "Cache worker for file content cache (C:\Users\legen\.gradle\caches\7.5.1\fileContent)" [_thread_blocked, id=7388, stack(0x000000536bf00000,0x000000536c000000)]
  0x0000017d24094800 JavaThread "Cache worker for file hash cache (C:\Users\legen\DaNenTang\android\.gradle\7.5.1\fileHashes)" [_thread_blocked, id=8964, stack(0x000000536c000000,0x000000536c100000)]
  0x0000017d24093000 JavaThread "Cache worker for cache directory md-supplier (C:\Users\legen\.gradle\caches\7.5.1\md-supplier)" [_thread_blocked, id=9852, stack(0x000000536c100000,0x000000536c200000)]
  0x0000017d24093800 JavaThread "Cache worker for execution history cache (C:\Users\legen\.gradle\caches\7.5.1\executionHistory)" [_thread_blocked, id=4364, stack(0x000000536c200000,0x000000536c300000)]
  0x0000017d24095800 JavaThread "jar transforms" [_thread_blocked, id=28028, stack(0x000000536bc00000,0x000000536bd00000)]
  0x0000017d24098000 JavaThread "jar transforms Thread 2" [_thread_blocked, id=26916, stack(0x000000536c300000,0x000000536c400000)]
  0x0000017d2409a000 JavaThread "jar transforms Thread 3" [_thread_blocked, id=5308, stack(0x000000536c400000,0x000000536c500000)]
  0x0000017d24097000 JavaThread "jar transforms Thread 4" [_thread_blocked, id=11768, stack(0x000000536c500000,0x000000536c600000)]
  0x0000017d24096000 JavaThread "Cache worker for kotlin-dsl (C:\Users\legen\.gradle\caches\7.5.1\kotlin-dsl)" [_thread_blocked, id=22124, stack(0x0000005369b00000,0x0000005369c00000)]
  0x0000017d24098800 JavaThread "jar transforms Thread 5" [_thread_blocked, id=31868, stack(0x000000536c800000,0x000000536c900000)]
  0x0000017d2409e800 JavaThread "jar transforms Thread 6" [_thread_blocked, id=3808, stack(0x000000536c900000,0x000000536ca00000)]
  0x0000017d24099800 JavaThread "Cache worker for dependencies-accessors (C:\Users\legen\DaNenTang\android\.gradle\7.5.1\dependencies-accessors)" [_thread_blocked, id=20772, stack(0x000000536ca00000,0x000000536cb00000)]

Other Threads:
  0x0000017d228d6000 VMThread "VM Thread" [stack: 0x0000005369100000,0x0000005369200000] [id=27488]
  0x0000017d2340f000 WatcherThread [stack: 0x0000005369c00000,0x0000005369d00000] [id=27036]
  0x0000017d02ca8000 GCTaskThread "GC Thread#0" [stack: 0x0000005368c00000,0x0000005368d00000] [id=16828]
  0x0000017d23f16000 GCTaskThread "GC Thread#1" [stack: 0x0000005369d00000,0x0000005369e00000] [id=18116]
  0x0000017d250e9800 GCTaskThread "GC Thread#2" [stack: 0x000000536a800000,0x000000536a900000] [id=24176]
  0x0000017d2391e000 GCTaskThread "GC Thread#3" [stack: 0x000000536a900000,0x000000536aa00000] [id=25868]
  0x0000017d2391f000 GCTaskThread "GC Thread#4" [stack: 0x000000536aa00000,0x000000536ab00000] [id=21136]
  0x0000017d2391f800 GCTaskThread "GC Thread#5" [stack: 0x000000536ab00000,0x000000536ac00000] [id=30236]
  0x0000017d23920800 GCTaskThread "GC Thread#6" [stack: 0x000000536ac00000,0x000000536ad00000] [id=31984]
  0x0000017d23921000 GCTaskThread "GC Thread#7" [stack: 0x000000536ad00000,0x000000536ae00000] [id=28676]
  0x0000017d2377e800 GCTaskThread "GC Thread#8" [stack: 0x000000536ae00000,0x000000536af00000] [id=17372]
  0x0000017d2377f000 GCTaskThread "GC Thread#9" [stack: 0x000000536af00000,0x000000536b000000] [id=13872]
  0x0000017d23788000 GCTaskThread "GC Thread#10" [stack: 0x000000536b000000,0x000000536b100000] [id=36524]
  0x0000017d23789800 GCTaskThread "GC Thread#11" [stack: 0x000000536b100000,0x000000536b200000] [id=36476]
  0x0000017d24162000 GCTaskThread "GC Thread#12" [stack: 0x000000536b200000,0x000000536b300000] [id=22592]
  0x0000017d02cd9000 ConcurrentGCThread "G1 Main Marker" [stack: 0x0000005368d00000,0x0000005368e00000] [id=18580]
  0x0000017d02cdf800 ConcurrentGCThread "G1 Conc#0" [stack: 0x0000005368e00000,0x0000005368f00000] [id=31648]
  0x0000017d241f3800 ConcurrentGCThread "G1 Conc#1" [stack: 0x000000536b700000,0x000000536b800000] [id=36540]
  0x0000017d241f4000 ConcurrentGCThread "G1 Conc#2" [stack: 0x000000536b800000,0x000000536b900000] [id=17584]
  0x0000017d02d5e000 ConcurrentGCThread "G1 Refine#0" [stack: 0x0000005368f00000,0x0000005369000000] [id=31736]
  0x0000017d24078800 ConcurrentGCThread "G1 Refine#1" [stack: 0x000000536b300000,0x000000536b400000] [id=23688]
  0x0000017d22747800 ConcurrentGCThread "G1 Young RemSet Sampling" [stack: 0x0000005369000000,0x0000005369100000] [id=18600]

Threads with active compile tasks:
C2 CompilerThread0    36615 4703       4       org.gradle.internal.service.DefaultServiceRegistry$OwnServices::getService (309 bytes)

VM state:not at safepoint (normal execution)

VM Mutex/Monitor currently owned by a thread: None

Heap address: 0x0000000080000000, size: 2048 MB, Compressed Oops mode: 32-bit
Narrow klass base: 0x0000000000000000, Narrow klass shift: 3
Compressed class space size: 528482304 Address: 0x0000000100000000

Heap:
 garbage-first heap   total 122880K, used 81435K [0x0000000080000000, 0x0000000100000000)
  region size 1024K, 55 young (56320K), 4 survivors (4096K)
 Metaspace       used 46598K, capacity 47893K, committed 48128K, reserved 559104K
  class space    used 5901K, capacity 6394K, committed 6400K, reserved 516096K
Heap Regions: E=young(eden), S=young(survivor), O=old, HS=humongous(starts), HC=humongous(continues), CS=collection set, F=free, A=archive, TAMS=top-at-mark-start (previous, next)
|   0|0x0000000080000000, 0x0000000080100000, 0x0000000080100000|100%| O|  |TAMS 0x0000000080100000, 0x0000000080000000| Untracked 
|   1|0x0000000080100000, 0x0000000080200000, 0x0000000080200000|100%| O|  |TAMS 0x0000000080200000, 0x0000000080100000| Untracked 
|   2|0x0000000080200000, 0x0000000080300000, 0x0000000080300000|100%| O|  |TAMS 0x0000000080300000, 0x0000000080200000| Untracked 
|   3|0x0000000080300000, 0x0000000080400000, 0x0000000080400000|100%|HS|  |TAMS 0x0000000080400000, 0x0000000080300000| Complete 
|   4|0x0000000080400000, 0x0000000080500000, 0x0000000080500000|100%|HC|  |TAMS 0x0000000080500000, 0x0000000080400000| Complete 
|   5|0x0000000080500000, 0x0000000080600000, 0x0000000080600000|100%|HC|  |TAMS 0x0000000080600000, 0x0000000080500000| Complete 
|   6|0x0000000080600000, 0x0000000080700000, 0x0000000080700000|100%| O|  |TAMS 0x0000000080700000, 0x0000000080600000| Untracked 
|   7|0x0000000080700000, 0x0000000080800000, 0x0000000080800000|100%| O|  |TAMS 0x0000000080800000, 0x0000000080700000| Untracked 
|   8|0x0000000080800000, 0x0000000080900000, 0x0000000080900000|100%| O|  |TAMS 0x0000000080900000, 0x0000000080800000| Untracked 
|   9|0x0000000080900000, 0x0000000080a00000, 0x0000000080a00000|100%| O|  |TAMS 0x0000000080a00000, 0x0000000080900000| Untracked 
|  10|0x0000000080a00000, 0x0000000080b00000, 0x0000000080b00000|100%| O|  |TAMS 0x0000000080b00000, 0x0000000080a00000| Untracked 
|  11|0x0000000080b00000, 0x0000000080c00000, 0x0000000080c00000|100%| O|  |TAMS 0x0000000080c00000, 0x0000000080b00000| Untracked 
|  12|0x0000000080c00000, 0x0000000080d00000, 0x0000000080d00000|100%| O|  |TAMS 0x0000000080d00000, 0x0000000080c00000| Untracked 
|  13|0x0000000080d00000, 0x0000000080e00000, 0x0000000080e00000|100%| O|  |TAMS 0x0000000080e00000, 0x0000000080d00000| Untracked 
|  14|0x0000000080e00000, 0x0000000080f00000, 0x0000000080f00000|100%| O|  |TAMS 0x0000000080f00000, 0x0000000080e00000| Untracked 
|  15|0x0000000080f00000, 0x0000000081000000, 0x0000000081000000|100%| O|  |TAMS 0x0000000081000000, 0x0000000080f00000| Untracked 
|  16|0x0000000081000000, 0x0000000081100000, 0x0000000081100000|100%| O|  |TAMS 0x000000008101dc00, 0x0000000081000000| Untracked 
|  17|0x0000000081100000, 0x0000000081200000, 0x0000000081200000|100%| O|  |TAMS 0x0000000081100000, 0x0000000081100000| Untracked 
|  18|0x0000000081200000, 0x0000000081300000, 0x0000000081300000|100%| O|  |TAMS 0x0000000081200000, 0x0000000081200000| Untracked 
|  19|0x0000000081300000, 0x0000000081400000, 0x0000000081400000|100%| O|  |TAMS 0x0000000081300000, 0x0000000081300000| Untracked 
|  20|0x0000000081400000, 0x0000000081500000, 0x0000000081500000|100%| O|  |TAMS 0x0000000081400000, 0x0000000081400000| Untracked 
|  21|0x0000000081500000, 0x0000000081600000, 0x0000000081600000|100%| O|  |TAMS 0x0000000081500000, 0x0000000081500000| Untracked 
|  22|0x0000000081600000, 0x0000000081700000, 0x0000000081700000|100%| O|  |TAMS 0x0000000081600000, 0x0000000081600000| Untracked 
|  23|0x0000000081700000, 0x0000000081800000, 0x0000000081800000|100%| O|  |TAMS 0x0000000081700000, 0x0000000081700000| Untracked 
|  24|0x0000000081800000, 0x0000000081900000, 0x0000000081900000|100%| O|  |TAMS 0x0000000081800000, 0x0000000081800000| Untracked 
|  25|0x0000000081900000, 0x000000008192e400, 0x0000000081a00000| 18%| O|  |TAMS 0x0000000081900000, 0x0000000081900000| Untracked 
|  26|0x0000000081a00000, 0x0000000081b00000, 0x0000000081b00000|100%|HS|  |TAMS 0x0000000081a00000, 0x0000000081a00000| Complete 
|  27|0x0000000081b00000, 0x0000000081b00000, 0x0000000081c00000|  0%| F|  |TAMS 0x0000000081b00000, 0x0000000081b00000| Untracked 
|  28|0x0000000081c00000, 0x0000000081c00000, 0x0000000081d00000|  0%| F|  |TAMS 0x0000000081c00000, 0x0000000081c00000| Untracked 
|  29|0x0000000081d00000, 0x0000000081d00000, 0x0000000081e00000|  0%| F|  |TAMS 0x0000000081d00000, 0x0000000081d00000| Untracked 
|  30|0x0000000081e00000, 0x0000000081e00000, 0x0000000081f00000|  0%| F|  |TAMS 0x0000000081e00000, 0x0000000081e00000| Untracked 
|  31|0x0000000081f00000, 0x0000000081f00000, 0x0000000082000000|  0%| F|  |TAMS 0x0000000081f00000, 0x0000000081f00000| Untracked 
|  32|0x0000000082000000, 0x0000000082000000, 0x0000000082100000|  0%| F|  |TAMS 0x0000000082000000, 0x0000000082000000| Untracked 
|  33|0x0000000082100000, 0x0000000082100000, 0x0000000082200000|  0%| F|  |TAMS 0x0000000082100000, 0x0000000082100000| Untracked 
|  34|0x0000000082200000, 0x0000000082200000, 0x0000000082300000|  0%| F|  |TAMS 0x0000000082200000, 0x0000000082200000| Untracked 
|  35|0x0000000082300000, 0x0000000082300000, 0x0000000082400000|  0%| F|  |TAMS 0x0000000082300000, 0x0000000082300000| Untracked 
|  36|0x0000000082400000, 0x0000000082400000, 0x0000000082500000|  0%| F|  |TAMS 0x0000000082400000, 0x0000000082400000| Untracked 
|  37|0x0000000082500000, 0x0000000082500000, 0x0000000082600000|  0%| F|  |TAMS 0x0000000082500000, 0x0000000082500000| Untracked 
|  38|0x0000000082600000, 0x0000000082600000, 0x0000000082700000|  0%| F|  |TAMS 0x0000000082600000, 0x0000000082600000| Untracked 
|  39|0x0000000082700000, 0x0000000082700000, 0x0000000082800000|  0%| F|  |TAMS 0x0000000082700000, 0x0000000082700000| Untracked 
|  40|0x0000000082800000, 0x0000000082800000, 0x0000000082900000|  0%| F|  |TAMS 0x0000000082800000, 0x0000000082800000| Untracked 
|  41|0x0000000082900000, 0x0000000082900000, 0x0000000082a00000|  0%| F|  |TAMS 0x0000000082900000, 0x0000000082900000| Untracked 
|  42|0x0000000082a00000, 0x0000000082a00000, 0x0000000082b00000|  0%| F|  |TAMS 0x0000000082a00000, 0x0000000082a00000| Untracked 
|  43|0x0000000082b00000, 0x0000000082b00000, 0x0000000082c00000|  0%| F|  |TAMS 0x0000000082b00000, 0x0000000082b00000| Untracked 
|  44|0x0000000082c00000, 0x0000000082c00000, 0x0000000082d00000|  0%| F|  |TAMS 0x0000000082c00000, 0x0000000082c00000| Untracked 
|  45|0x0000000082d00000, 0x0000000082d00000, 0x0000000082e00000|  0%| F|  |TAMS 0x0000000082d00000, 0x0000000082d00000| Untracked 
|  46|0x0000000082e00000, 0x0000000082e00000, 0x0000000082f00000|  0%| F|  |TAMS 0x0000000082e00000, 0x0000000082e00000| Untracked 
|  47|0x0000000082f00000, 0x0000000082f00000, 0x0000000083000000|  0%| F|  |TAMS 0x0000000082f00000, 0x0000000082f00000| Untracked 
|  48|0x0000000083000000, 0x0000000083000000, 0x0000000083100000|  0%| F|  |TAMS 0x0000000083000000, 0x0000000083000000| Untracked 
|  49|0x0000000083100000, 0x0000000083100000, 0x0000000083200000|  0%| F|  |TAMS 0x0000000083100000, 0x0000000083100000| Untracked 
|  50|0x0000000083200000, 0x0000000083200000, 0x0000000083300000|  0%| F|  |TAMS 0x0000000083200000, 0x0000000083200000| Untracked 
|  51|0x0000000083300000, 0x0000000083300000, 0x0000000083400000|  0%| F|  |TAMS 0x0000000083300000, 0x0000000083300000| Untracked 
|  52|0x0000000083400000, 0x0000000083400000, 0x0000000083500000|  0%| F|  |TAMS 0x0000000083400000, 0x0000000083400000| Untracked 
|  53|0x0000000083500000, 0x0000000083500000, 0x0000000083600000|  0%| F|  |TAMS 0x0000000083500000, 0x0000000083500000| Untracked 
|  54|0x0000000083600000, 0x0000000083600000, 0x0000000083700000|  0%| F|  |TAMS 0x0000000083600000, 0x0000000083600000| Untracked 
|  55|0x0000000083700000, 0x0000000083700000, 0x0000000083800000|  0%| F|  |TAMS 0x0000000083700000, 0x0000000083700000| Untracked 
|  56|0x0000000083800000, 0x0000000083800000, 0x0000000083900000|  0%| F|  |TAMS 0x0000000083800000, 0x0000000083800000| Untracked 
|  57|0x0000000083900000, 0x0000000083900000, 0x0000000083a00000|  0%| F|  |TAMS 0x0000000083900000, 0x0000000083900000| Untracked 
|  58|0x0000000083a00000, 0x0000000083a00000, 0x0000000083b00000|  0%| F|  |TAMS 0x0000000083a00000, 0x0000000083a00000| Untracked 
|  59|0x0000000083b00000, 0x0000000083b00000, 0x0000000083c00000|  0%| F|  |TAMS 0x0000000083b00000, 0x0000000083b00000| Untracked 
|  60|0x0000000083c00000, 0x0000000083c00000, 0x0000000083d00000|  0%| F|  |TAMS 0x0000000083c00000, 0x0000000083c00000| Untracked 
|  61|0x0000000083d00000, 0x0000000083d00000, 0x0000000083e00000|  0%| F|  |TAMS 0x0000000083d00000, 0x0000000083d00000| Untracked 
|  62|0x0000000083e00000, 0x0000000083e00000, 0x0000000083f00000|  0%| F|  |TAMS 0x0000000083e00000, 0x0000000083e00000| Untracked 
|  63|0x0000000083f00000, 0x0000000083f00000, 0x0000000084000000|  0%| F|  |TAMS 0x0000000083f00000, 0x0000000083f00000| Untracked 
|  64|0x0000000084000000, 0x0000000084000000, 0x0000000084100000|  0%| F|  |TAMS 0x0000000084000000, 0x0000000084000000| Untracked 
|  65|0x0000000084100000, 0x0000000084200000, 0x0000000084200000|100%| E|  |TAMS 0x0000000084100000, 0x0000000084100000| Complete 
|  66|0x0000000084200000, 0x0000000084258980, 0x0000000084300000| 34%| S|CS|TAMS 0x0000000084200000, 0x0000000084200000| Complete 
|  67|0x0000000084300000, 0x0000000084400000, 0x0000000084400000|100%| S|CS|TAMS 0x0000000084300000, 0x0000000084300000| Complete 
|  68|0x0000000084400000, 0x0000000084500000, 0x0000000084500000|100%| S|CS|TAMS 0x0000000084400000, 0x0000000084400000| Complete 
|  69|0x0000000084500000, 0x0000000084600000, 0x0000000084600000|100%| S|CS|TAMS 0x0000000084500000, 0x0000000084500000| Complete 
|  70|0x0000000084600000, 0x0000000084700000, 0x0000000084700000|100%| E|CS|TAMS 0x0000000084600000, 0x0000000084600000| Complete 
|  71|0x0000000084700000, 0x0000000084800000, 0x0000000084800000|100%| E|CS|TAMS 0x0000000084700000, 0x0000000084700000| Complete 
|  72|0x0000000084800000, 0x0000000084900000, 0x0000000084900000|100%| E|CS|TAMS 0x0000000084800000, 0x0000000084800000| Complete 
|  73|0x0000000084900000, 0x0000000084a00000, 0x0000000084a00000|100%| E|CS|TAMS 0x0000000084900000, 0x0000000084900000| Complete 
|  74|0x0000000084a00000, 0x0000000084b00000, 0x0000000084b00000|100%| E|CS|TAMS 0x0000000084a00000, 0x0000000084a00000| Complete 
|  75|0x0000000084b00000, 0x0000000084c00000, 0x0000000084c00000|100%| E|CS|TAMS 0x0000000084b00000, 0x0000000084b00000| Complete 
|  76|0x0000000084c00000, 0x0000000084d00000, 0x0000000084d00000|100%| E|CS|TAMS 0x0000000084c00000, 0x0000000084c00000| Complete 
|  77|0x0000000084d00000, 0x0000000084e00000, 0x0000000084e00000|100%| E|CS|TAMS 0x0000000084d00000, 0x0000000084d00000| Complete 
|  78|0x0000000084e00000, 0x0000000084f00000, 0x0000000084f00000|100%| E|CS|TAMS 0x0000000084e00000, 0x0000000084e00000| Complete 
|  79|0x0000000084f00000, 0x0000000085000000, 0x0000000085000000|100%| E|CS|TAMS 0x0000000084f00000, 0x0000000084f00000| Complete 
|  80|0x0000000085000000, 0x0000000085100000, 0x0000000085100000|100%| E|CS|TAMS 0x0000000085000000, 0x0000000085000000| Complete 
|  81|0x0000000085100000, 0x0000000085200000, 0x0000000085200000|100%| E|CS|TAMS 0x0000000085100000, 0x0000000085100000| Complete 
|  82|0x0000000085200000, 0x0000000085300000, 0x0000000085300000|100%| E|CS|TAMS 0x0000000085200000, 0x0000000085200000| Complete 
|  83|0x0000000085300000, 0x0000000085400000, 0x0000000085400000|100%| E|CS|TAMS 0x0000000085300000, 0x0000000085300000| Complete 
|  84|0x0000000085400000, 0x0000000085500000, 0x0000000085500000|100%| E|CS|TAMS 0x0000000085400000, 0x0000000085400000| Complete 
|  85|0x0000000085500000, 0x0000000085600000, 0x0000000085600000|100%| E|CS|TAMS 0x0000000085500000, 0x0000000085500000| Complete 
|  86|0x0000000085600000, 0x0000000085700000, 0x0000000085700000|100%| E|CS|TAMS 0x0000000085600000, 0x0000000085600000| Complete 
|  87|0x0000000085700000, 0x0000000085800000, 0x0000000085800000|100%| E|CS|TAMS 0x0000000085700000, 0x0000000085700000| Complete 
|  88|0x0000000085800000, 0x0000000085900000, 0x0000000085900000|100%| E|CS|TAMS 0x0000000085800000, 0x0000000085800000| Complete 
|  89|0x0000000085900000, 0x0000000085a00000, 0x0000000085a00000|100%| E|CS|TAMS 0x0000000085900000, 0x0000000085900000| Complete 
|  90|0x0000000085a00000, 0x0000000085b00000, 0x0000000085b00000|100%| E|CS|TAMS 0x0000000085a00000, 0x0000000085a00000| Complete 
|  91|0x0000000085b00000, 0x0000000085c00000, 0x0000000085c00000|100%| E|CS|TAMS 0x0000000085b00000, 0x0000000085b00000| Complete 
|  92|0x0000000085c00000, 0x0000000085d00000, 0x0000000085d00000|100%| E|CS|TAMS 0x0000000085c00000, 0x0000000085c00000| Complete 
|  93|0x0000000085d00000, 0x0000000085e00000, 0x0000000085e00000|100%| E|CS|TAMS 0x0000000085d00000, 0x0000000085d00000| Complete 
|  94|0x0000000085e00000, 0x0000000085f00000, 0x0000000085f00000|100%| E|CS|TAMS 0x0000000085e00000, 0x0000000085e00000| Complete 
|  95|0x0000000085f00000, 0x0000000086000000, 0x0000000086000000|100%| E|CS|TAMS 0x0000000085f00000, 0x0000000085f00000| Complete 
|  96|0x0000000086000000, 0x0000000086100000, 0x0000000086100000|100%| E|CS|TAMS 0x0000000086000000, 0x0000000086000000| Complete 
|  97|0x0000000086100000, 0x0000000086200000, 0x0000000086200000|100%| E|CS|TAMS 0x0000000086100000, 0x0000000086100000| Complete 
|  98|0x0000000086200000, 0x0000000086300000, 0x0000000086300000|100%| E|CS|TAMS 0x0000000086200000, 0x0000000086200000| Complete 
|  99|0x0000000086300000, 0x0000000086400000, 0x0000000086400000|100%| E|CS|TAMS 0x0000000086300000, 0x0000000086300000| Complete 
| 100|0x0000000086400000, 0x0000000086500000, 0x0000000086500000|100%| E|CS|TAMS 0x0000000086400000, 0x0000000086400000| Complete 
| 101|0x0000000086500000, 0x0000000086600000, 0x0000000086600000|100%| E|CS|TAMS 0x0000000086500000, 0x0000000086500000| Complete 
| 102|0x0000000086600000, 0x0000000086700000, 0x0000000086700000|100%| E|CS|TAMS 0x0000000086600000, 0x0000000086600000| Complete 
| 103|0x0000000086700000, 0x0000000086800000, 0x0000000086800000|100%| E|CS|TAMS 0x0000000086700000, 0x0000000086700000| Complete 
| 104|0x0000000086800000, 0x0000000086900000, 0x0000000086900000|100%| E|CS|TAMS 0x0000000086800000, 0x0000000086800000| Complete 
| 105|0x0000000086900000, 0x0000000086a00000, 0x0000000086a00000|100%| E|CS|TAMS 0x0000000086900000, 0x0000000086900000| Complete 
| 106|0x0000000086a00000, 0x0000000086b00000, 0x0000000086b00000|100%| E|CS|TAMS 0x0000000086a00000, 0x0000000086a00000| Complete 
| 107|0x0000000086b00000, 0x0000000086c00000, 0x0000000086c00000|100%| E|CS|TAMS 0x0000000086b00000, 0x0000000086b00000| Complete 
| 108|0x0000000086c00000, 0x0000000086d00000, 0x0000000086d00000|100%| E|CS|TAMS 0x0000000086c00000, 0x0000000086c00000| Complete 
| 109|0x0000000086d00000, 0x0000000086e00000, 0x0000000086e00000|100%| E|CS|TAMS 0x0000000086d00000, 0x0000000086d00000| Complete 
| 110|0x0000000086e00000, 0x0000000086f00000, 0x0000000086f00000|100%| E|CS|TAMS 0x0000000086e00000, 0x0000000086e00000| Complete 
| 111|0x0000000086f00000, 0x0000000087000000, 0x0000000087000000|100%| E|CS|TAMS 0x0000000086f00000, 0x0000000086f00000| Complete 
| 112|0x0000000087000000, 0x0000000087100000, 0x0000000087100000|100%| E|CS|TAMS 0x0000000087000000, 0x0000000087000000| Complete 
| 113|0x0000000087100000, 0x0000000087200000, 0x0000000087200000|100%| E|CS|TAMS 0x0000000087100000, 0x0000000087100000| Complete 
| 114|0x0000000087200000, 0x0000000087300000, 0x0000000087300000|100%| E|CS|TAMS 0x0000000087200000, 0x0000000087200000| Complete 
| 115|0x0000000087300000, 0x0000000087400000, 0x0000000087400000|100%| E|CS|TAMS 0x0000000087300000, 0x0000000087300000| Complete 
| 116|0x0000000087400000, 0x0000000087500000, 0x0000000087500000|100%| E|CS|TAMS 0x0000000087400000, 0x0000000087400000| Complete 
| 117|0x0000000087500000, 0x0000000087600000, 0x0000000087600000|100%| E|CS|TAMS 0x0000000087500000, 0x0000000087500000| Complete 
| 118|0x0000000087600000, 0x0000000087700000, 0x0000000087700000|100%| E|CS|TAMS 0x0000000087600000, 0x0000000087600000| Complete 
| 119|0x0000000087700000, 0x0000000087800000, 0x0000000087800000|100%| E|CS|TAMS 0x0000000087700000, 0x0000000087700000| Complete 

Card table byte_map: [0x0000017d1b080000,0x0000017d1b480000] _byte_map_base: 0x0000017d1ac80000

Marking Bits (Prev, Next): (CMBitMap*) 0x0000017d02cd05d8, (CMBitMap*) 0x0000017d02cd0610
 Prev Bits: [0x0000017d1b880000, 0x0000017d1d880000)
 Next Bits: [0x0000017d1d880000, 0x0000017d1f880000)

Polling page: 0x0000017d02460000

Metaspace:

Usage:
  Non-class:     40.59 MB capacity,    39.76 MB ( 98%) used,   716.72 KB (  2%) free+waste,   128.31 KB ( <1%) overhead. 
      Class:      6.24 MB capacity,     5.76 MB ( 92%) used,   428.59 KB (  7%) free+waste,    62.81 KB ( <1%) overhead. 
       Both:     46.83 MB capacity,    45.53 MB ( 97%) used,     1.12 MB (  2%) free+waste,   191.13 KB ( <1%) overhead. 

Virtual space:
  Non-class space:       42.00 MB reserved,      40.75 MB ( 97%) committed 
      Class space:      504.00 MB reserved,       6.25 MB (  1%) committed 
             Both:      546.00 MB reserved,      47.00 MB (  9%) committed 

Chunk freelists:
   Non-Class:  37.00 KB
       Class:  6.00 KB
        Both:  43.00 KB

MaxMetaspaceSize: 512.00 MB
CompressedClassSpaceSize: 504.00 MB
Initial GC threshold: 20.80 MB
Current GC threshold: 58.34 MB
CDS: off

CodeHeap 'non-profiled nmethods': size=119168Kb used=2262Kb max_used=2262Kb free=116906Kb
 bounds [0x0000017d12fa0000, 0x0000017d13210000, 0x0000017d1a400000]
CodeHeap 'profiled nmethods': size=119168Kb used=10205Kb max_used=10205Kb free=108962Kb
 bounds [0x0000017d0bb40000, 0x0000017d0c540000, 0x0000017d12fa0000]
CodeHeap 'non-nmethods': size=7424Kb used=2287Kb max_used=2869Kb free=5136Kb
 bounds [0x0000017d0b400000, 0x0000017d0b6e0000, 0x0000017d0bb40000]
 total_blobs=5453 nmethods=4668 adapters=697
 compilation: enabled
              stopped_count=0, restarted_count=0
 full_count=0

Compilation events (20 events):
Event: 36.523 Thread 0x0000017d2290c800 4754       3       sun.net.www.MessageHeader::<init> (9 bytes)
Event: 36.523 Thread 0x0000017d2290c800 nmethod 4754 0x0000017d0c52e710 code [0x0000017d0c52e8e0, 0x0000017d0c52ea68]
Event: 36.523 Thread 0x0000017d2290c800 4755       3       sun.net.www.MessageHeader::grow (92 bytes)
Event: 36.523 Thread 0x0000017d2290c800 nmethod 4755 0x0000017d0c52eb10 code [0x0000017d0c52ed00, 0x0000017d0c52f298]
Event: 36.523 Thread 0x0000017d2290c800 4756  s    3       sun.net.www.protocol.file.Handler::openConnection (7 bytes)
Event: 36.524 Thread 0x0000017d2290c800 nmethod 4756 0x0000017d0c52f410 code [0x0000017d0c52f5e0, 0x0000017d0c52f8a8]
Event: 36.524 Thread 0x0000017d2290c800 4757  s!   3       sun.net.www.protocol.file.Handler::openConnection (273 bytes)
Event: 36.527 Thread 0x0000017d2290c800 nmethod 4757 0x0000017d0c52f990 code [0x0000017d0c52ff40, 0x0000017d0c532928]
Event: 36.527 Thread 0x0000017d2290c800 4758       3       sun.net.www.protocol.file.Handler::createFileURLConnection (10 bytes)
Event: 36.527 Thread 0x0000017d2290c800 nmethod 4758 0x0000017d0c533a10 code [0x0000017d0c533bc0, 0x0000017d0c533d68]
Event: 36.527 Thread 0x0000017d2290c800 4759       3       sun.net.www.protocol.file.FileURLConnection::<init> (38 bytes)
Event: 36.528 Thread 0x0000017d2290c800 nmethod 4759 0x0000017d0c533e10 code [0x0000017d0c534000, 0x0000017d0c5343f8]
Event: 36.531 Thread 0x0000017d2290c800 4760       3       jdk.internal.loader.URLClassPath$1::next (59 bytes)
Event: 36.532 Thread 0x0000017d2290c800 nmethod 4760 0x0000017d0c534590 code [0x0000017d0c534780, 0x0000017d0c534b58]
Event: 36.538 Thread 0x0000017d2290c800 4761       3       org.gradle.internal.operations.OperationIdentifier::hashCode (14 bytes)
Event: 36.539 Thread 0x0000017d2290c800 nmethod 4761 0x0000017d0c534c90 code [0x0000017d0c534e40, 0x0000017d0c534f58]
Event: 36.555 Thread 0x0000017d2290c800 4762       3       java.lang.Long::bitCount (61 bytes)
Event: 36.555 Thread 0x0000017d2290c800 nmethod 4762 0x0000017d0c535010 code [0x0000017d0c5351c0, 0x0000017d0c535318]
Event: 36.559 Thread 0x0000017d2290c800 4764       3       java.util.HashMap::entrySet (27 bytes)
Event: 36.560 Thread 0x0000017d2290c800 nmethod 4764 0x0000017d0c535390 code [0x0000017d0c535560, 0x0000017d0c535938]

GC Heap History (18 events):
Event: 1.917 GC heap before
{Heap before GC invocations=0 (full 0):
 garbage-first heap   total 122880K, used 29696K [0x0000000080000000, 0x0000000100000000)
  region size 1024K, 24 young (24576K), 0 survivors (0K)
 Metaspace       used 9841K, capacity 10028K, committed 10112K, reserved 526336K
  class space    used 994K, capacity 1069K, committed 1152K, reserved 516096K
}
Event: 1.932 GC heap after
{Heap after GC invocations=1 (full 0):
 garbage-first heap   total 122880K, used 9208K [0x0000000080000000, 0x0000000100000000)
  region size 1024K, 3 young (3072K), 3 survivors (3072K)
 Metaspace       used 9841K, capacity 10028K, committed 10112K, reserved 526336K
  class space    used 994K, capacity 1069K, committed 1152K, reserved 516096K
}
Event: 5.436 GC heap before
{Heap before GC invocations=1 (full 0):
 garbage-first heap   total 122880K, used 80888K [0x0000000080000000, 0x0000000100000000)
  region size 1024K, 72 young (73728K), 3 survivors (3072K)
 Metaspace       used 18197K, capacity 18552K, committed 18688K, reserved 532480K
  class space    used 2077K, capacity 2208K, committed 2304K, reserved 516096K
}
Event: 5.450 GC heap after
{Heap after GC invocations=2 (full 0):
 garbage-first heap   total 122880K, used 16741K [0x0000000080000000, 0x0000000100000000)
  region size 1024K, 9 young (9216K), 9 survivors (9216K)
 Metaspace       used 18197K, capacity 18552K, committed 18688K, reserved 532480K
  class space    used 2077K, capacity 2208K, committed 2304K, reserved 516096K
}
Event: 5.591 GC heap before
{Heap before GC invocations=2 (full 0):
 garbage-first heap   total 122880K, used 21861K [0x0000000080000000, 0x0000000100000000)
  region size 1024K, 14 young (14336K), 9 survivors (9216K)
 Metaspace       used 18599K, capacity 18951K, committed 19200K, reserved 534528K
  class space    used 2138K, capacity 2278K, committed 2304K, reserved 516096K
}
Event: 5.599 GC heap after
{Heap after GC invocations=3 (full 0):
 garbage-first heap   total 122880K, used 16833K [0x0000000080000000, 0x0000000100000000)
  region size 1024K, 1 young (1024K), 1 survivors (1024K)
 Metaspace       used 18599K, capacity 18951K, committed 19200K, reserved 534528K
  class space    used 2138K, capacity 2278K, committed 2304K, reserved 516096K
}
Event: 5.915 GC heap before
{Heap before GC invocations=3 (full 0):
 garbage-first heap   total 122880K, used 28097K [0x0000000080000000, 0x0000000100000000)
  region size 1024K, 13 young (13312K), 1 survivors (1024K)
 Metaspace       used 20604K, capacity 21045K, committed 21248K, reserved 536576K
  class space    used 2408K, capacity 2551K, committed 2560K, reserved 516096K
}
Event: 5.918 GC heap after
{Heap after GC invocations=4 (full 0):
 garbage-first heap   total 122880K, used 16945K [0x0000000080000000, 0x0000000100000000)
  region size 1024K, 1 young (1024K), 1 survivors (1024K)
 Metaspace       used 20604K, capacity 21045K, committed 21248K, reserved 536576K
  class space    used 2408K, capacity 2551K, committed 2560K, reserved 516096K
}
Event: 7.395 GC heap before
{Heap before GC invocations=5 (full 0):
 garbage-first heap   total 122880K, used 62001K [0x0000000080000000, 0x0000000100000000)
  region size 1024K, 45 young (46080K), 1 survivors (1024K)
 Metaspace       used 24840K, capacity 25358K, committed 25600K, reserved 538624K
  class space    used 3102K, capacity 3315K, committed 3328K, reserved 516096K
}
Event: 7.398 GC heap after
{Heap after GC invocations=6 (full 0):
 garbage-first heap   total 122880K, used 18452K [0x0000000080000000, 0x0000000100000000)
  region size 1024K, 3 young (3072K), 3 survivors (3072K)
 Metaspace       used 24840K, capacity 25358K, committed 25600K, reserved 538624K
  class space    used 3102K, capacity 3315K, committed 3328K, reserved 516096K
}
Event: 8.551 GC heap before
{Heap before GC invocations=6 (full 0):
 garbage-first heap   total 122880K, used 67604K [0x0000000080000000, 0x0000000100000000)
  region size 1024K, 51 young (52224K), 3 survivors (3072K)
 Metaspace       used 29573K, capacity 30209K, committed 30464K, reserved 542720K
  class space    used 3827K, capacity 4068K, committed 4096K, reserved 516096K
}
Event: 8.556 GC heap after
{Heap after GC invocations=7 (full 0):
 garbage-first heap   total 122880K, used 20151K [0x0000000080000000, 0x0000000100000000)
  region size 1024K, 4 young (4096K), 4 survivors (4096K)
 Metaspace       used 29573K, capacity 30209K, committed 30464K, reserved 542720K
  class space    used 3827K, capacity 4068K, committed 4096K, reserved 516096K
}
Event: 9.596 GC heap before
{Heap before GC invocations=7 (full 0):
 garbage-first heap   total 122880K, used 50871K [0x0000000080000000, 0x0000000100000000)
  region size 1024K, 35 young (35840K), 4 survivors (4096K)
 Metaspace       used 34675K, capacity 35476K, committed 35584K, reserved 546816K
  class space    used 4416K, capacity 4758K, committed 4864K, reserved 516096K
}
Event: 9.609 GC heap after
{Heap after GC invocations=8 (full 0):
 garbage-first heap   total 122880K, used 22335K [0x0000000080000000, 0x0000000100000000)
  region size 1024K, 6 young (6144K), 6 survivors (6144K)
 Metaspace       used 34675K, capacity 35476K, committed 35584K, reserved 546816K
  class space    used 4416K, capacity 4758K, committed 4864K, reserved 516096K
}
Event: 11.286 GC heap before
{Heap before GC invocations=9 (full 0):
 garbage-first heap   total 122880K, used 75583K [0x0000000080000000, 0x0000000100000000)
  region size 1024K, 55 young (56320K), 6 survivors (6144K)
 Metaspace       used 40170K, capacity 41128K, committed 41344K, reserved 552960K
  class space    used 5024K, capacity 5402K, committed 5504K, reserved 516096K
}
Event: 11.298 GC heap after
{Heap after GC invocations=10 (full 0):
 garbage-first heap   total 122880K, used 27152K [0x0000000080000000, 0x0000000100000000)
  region size 1024K, 7 young (7168K), 7 survivors (7168K)
 Metaspace       used 40170K, capacity 41128K, committed 41344K, reserved 552960K
  class space    used 5024K, capacity 5402K, committed 5504K, reserved 516096K
}
Event: 33.733 GC heap before
{Heap before GC invocations=10 (full 0):
 garbage-first heap   total 122880K, used 78352K [0x0000000080000000, 0x0000000100000000)
  region size 1024K, 57 young (58368K), 7 survivors (7168K)
 Metaspace       used 42448K, capacity 43589K, committed 43776K, reserved 555008K
  class space    used 5343K, capacity 5797K, committed 5888K, reserved 516096K
}
Event: 33.790 GC heap after
{Heap after GC invocations=11 (full 0):
 garbage-first heap   total 122880K, used 29211K [0x0000000080000000, 0x0000000100000000)
  region size 1024K, 4 young (4096K), 4 survivors (4096K)
 Metaspace       used 42448K, capacity 43589K, committed 43776K, reserved 555008K
  class space    used 5343K, capacity 5797K, committed 5888K, reserved 516096K
}

Deoptimization events (20 events):
Event: 32.879 Thread 0x0000017d251d5000 DEOPT PACKING pc=0x0000017d0c20d2f9 sp=0x000000536a4f4130
Event: 32.879 Thread 0x0000017d251d5000 DEOPT UNPACKING pc=0x0000017d0b44a95e sp=0x000000536a4f3678 mode 0
Event: 33.123 Thread 0x0000017d251d5000 Uncommon trap: trap_request=0xffffff4d fr.pc=0x0000017d13116db4 relative=0x0000000000000114
Event: 33.123 Thread 0x0000017d251d5000 Uncommon trap: reason=unstable_if action=reinterpret pc=0x0000017d13116db4 method=java.util.Arrays.hashCode([Ljava/lang/Object;)I @ 34 c2
Event: 33.123 Thread 0x0000017d251d5000 DEOPT PACKING pc=0x0000017d13116db4 sp=0x000000536a4f66c0
Event: 33.123 Thread 0x0000017d251d5000 DEOPT UNPACKING pc=0x0000017d0b44a1af sp=0x000000536a4f6638 mode 2
Event: 33.295 Thread 0x0000017d251d5000 DEOPT PACKING pc=0x0000017d0bf31ee8 sp=0x000000536a4fb540
Event: 33.295 Thread 0x0000017d251d5000 DEOPT UNPACKING pc=0x0000017d0b44a95e sp=0x000000536a4faa48 mode 0
Event: 33.855 Thread 0x0000017d251d5000 DEOPT PACKING pc=0x0000017d0bf31ee8 sp=0x000000536a4f8a60
Event: 33.855 Thread 0x0000017d251d5000 DEOPT UNPACKING pc=0x0000017d0b44a95e sp=0x000000536a4f7f68 mode 0
Event: 33.856 Thread 0x0000017d251d5000 DEOPT PACKING pc=0x0000017d0bf31ee8 sp=0x000000536a4f8a60
Event: 33.856 Thread 0x0000017d251d5000 DEOPT UNPACKING pc=0x0000017d0b44a95e sp=0x000000536a4f7f68 mode 0
Event: 33.857 Thread 0x0000017d251d5000 DEOPT PACKING pc=0x0000017d0bf31ee8 sp=0x000000536a4f8880
Event: 33.857 Thread 0x0000017d251d5000 DEOPT UNPACKING pc=0x0000017d0b44a95e sp=0x000000536a4f7d88 mode 0
Event: 33.860 Thread 0x0000017d251d5000 DEOPT PACKING pc=0x0000017d0bf31ee8 sp=0x000000536a4f8880
Event: 33.860 Thread 0x0000017d251d5000 DEOPT UNPACKING pc=0x0000017d0b44a95e sp=0x000000536a4f7d88 mode 0
Event: 34.532 Thread 0x0000017d251d5000 DEOPT PACKING pc=0x0000017d0bf31ee8 sp=0x000000536a4f8860
Event: 34.532 Thread 0x0000017d251d5000 DEOPT UNPACKING pc=0x0000017d0b44a95e sp=0x000000536a4f7d68 mode 0
Event: 36.492 Thread 0x0000017d251d5000 DEOPT PACKING pc=0x0000017d0c092516 sp=0x000000536a4fb320
Event: 36.492 Thread 0x0000017d251d5000 DEOPT UNPACKING pc=0x0000017d0b44a95e sp=0x000000536a4fa838 mode 0

Classes redefined (0 events):
No events

Internal exceptions (20 events):
Event: 32.932 Thread 0x0000017d251d5000 Exception <a 'java/lang/ClassNotFoundException'{0x0000000085e7ba18}: org/gradle/internal/logging/slf4j/BuildOperationAwareLoggerCustomizer> (0x0000000085e7ba18) thrown at [s\src\hotspot\share\classfile\systemDictionary.cpp, line 230]
Event: 32.936 Thread 0x0000017d251d5000 Exception <a 'java/lang/ClassNotFoundException'{0x0000000085edb868}: org/gradle/internal/logging/slf4j/OutputEventListenerBackedLoggerCustomizer> (0x0000000085edb868) thrown at [s\src\hotspot\share\classfile\systemDictionary.cpp, line 230]
Event: 32.988 Thread 0x0000017d251d5000 Exception <a 'java/lang/ClassNotFoundException'{0x0000000085a50fb8}: org/codehaus/groovy/runtime/NullObjectBeanInfo> (0x0000000085a50fb8) thrown at [s\src\hotspot\share\classfile\systemDictionary.cpp, line 230]
Event: 33.018 Thread 0x0000017d251d5000 Exception <a 'java/lang/ClassNotFoundException'{0x0000000085705ff8}: org/codehaus/groovy/runtime/NullObjectCustomizer> (0x0000000085705ff8) thrown at [s\src\hotspot\share\classfile\systemDictionary.cpp, line 230]
Event: 33.123 Thread 0x0000017d251d5000 Implicit null exception at 0x0000017d13116cef to 0x0000017d13116d98
Event: 33.134 Thread 0x0000017d251d5000 Exception <a 'java/lang/ClassNotFoundException'{0x000000008569e1a0}: java/io/FileBeanInfo> (0x000000008569e1a0) thrown at [s\src\hotspot\share\classfile\systemDictionary.cpp, line 230]
Event: 33.137 Thread 0x0000017d251d5000 Exception <a 'java/lang/ClassNotFoundException'{0x00000000856a3a40}: java/io/FileCustomizer> (0x00000000856a3a40) thrown at [s\src\hotspot\share\classfile\systemDictionary.cpp, line 230]
Event: 33.504 Thread 0x0000017d251d5000 Exception <a 'java/lang/NoSuchMethodError'{0x00000000851255c0}: 'java.lang.Object java.lang.invoke.DirectMethodHandle$Holder.invokeSpecial(java.lang.Object, java.lang.Object, java.lang.Object, java.lang.Object, java.lang.Object, java.lang.Object, java.lang.Object, java.lang.Object, java.lang.Object, java.lang.Object)'> (0x00000000851255c0) thrown at [s\src\hotspot\share\interpreter\linkResolver.cpp, line 773]
Event: 33.506 Thread 0x0000017d251d5000 Exception <a 'java/lang/NoSuchMethodError'{0x000000008512dcf0}: 'java.lang.Object java.lang.invoke.Invokers$Holder.invoker(java.lang.Object, java.lang.Object, java.lang.Object, java.lang.Object, java.lang.Object, java.lang.Object, java.lang.Object, java.lang.Object, java.lang.Object)'> (0x000000008512dcf0) thrown at [s\src\hotspot\share\interpreter\linkResolver.cpp, line 773]
Event: 33.579 Thread 0x0000017d251d5000 Exception <a 'java/lang/NoSuchMethodError'{0x00000000850b0258}: 'java.lang.Object java.lang.invoke.DelegatingMethodHandle$Holder.reinvoke_L(java.lang.Object, java.lang.Object, java.lang.Object, java.lang.Object, java.lang.Object, java.lang.Object, java.lang.Object, java.lang.Object, java.lang.Object, java.lang.Object, java.lang.Object, java.lang.Object, java.lang.Object, java.lang.Object, java.lang.Object, java.lang.Object, java.lang.Object, java.lang.Object, java.lang.Object, java.lang.Object, java.lang.O
Event: 33.580 Thread 0x0000017d251d5000 Exception <a 'java/lang/NoSuchMethodError'{0x00000000850bbc10}: 'java.lang.Object java.lang.invoke.Invokers$Holder.invoker(java.lang.Object, java.lang.Object, java.lang.Object, java.lang.Object, java.lang.Object, java.lang.Object, java.lang.Object, java.lang.Object, java.lang.Object, java.lang.Object, java.lang.Object, java.lang.Object, java.lang.Object, java.lang.Object, java.lang.Object, java.lang.Object, java.lang.Object, java.lang.Object, java.lang.Object, java.lang.Object, java.lang.Object)'> (0x00000
Event: 33.581 Thread 0x0000017d251d5000 Exception <a 'java/lang/NoSuchMethodError'{0x00000000850c2c38}: 'java.lang.Object java.lang.invoke.DelegatingMethodHandle$Holder.delegate(java.lang.Object, java.lang.Object, java.lang.Object, java.lang.Object, java.lang.Object, java.lang.Object, java.lang.Object, java.lang.Object, java.lang.Object, java.lang.Object, java.lang.Object, java.lang.Object, java.lang.Object, java.lang.Object, java.lang.Object, java.lang.Object, java.lang.Object, java.lang.Object, java.lang.Object, java.lang.Object, java.lang.Obj
Event: 33.591 Thread 0x0000017d251d5000 Exception <a 'java/lang/NoSuchMethodError'{0x0000000084f0c1a8}: 'java.lang.Object java.lang.invoke.DirectMethodHandle$Holder.invokeStatic(java.lang.Object, java.lang.Object, java.lang.Object, java.lang.Object, java.lang.Object, java.lang.Object, java.lang.Object, java.lang.Object, java.lang.Object, java.lang.Object, java.lang.Object, java.lang.Object, java.lang.Object, java.lang.Object, java.lang.Object)'> (0x0000000084f0c1a8) thrown at [s\src\hotspot\share\interpreter\linkResolver.cpp, line 773]
Event: 33.594 Thread 0x0000017d251d5000 Exception <a 'java/lang/NoSuchMethodError'{0x0000000084f1c538}: 'java.lang.Object java.lang.invoke.DirectMethodHandle$Holder.invokeStatic(java.lang.Object, java.lang.Object, java.lang.Object, java.lang.Object, java.lang.Object, java.lang.Object, java.lang.Object, java.lang.Object, java.lang.Object, java.lang.Object, java.lang.Object, java.lang.Object, java.lang.Object, java.lang.Object, java.lang.Object, java.lang.Object)'> (0x0000000084f1c538) thrown at [s\src\hotspot\share\interpreter\linkResolver.cpp, l
Event: 33.595 Thread 0x0000017d251d5000 Exception <a 'java/lang/NoSuchMethodError'{0x0000000084f2c7d8}: 'java.lang.Object java.lang.invoke.DelegatingMethodHandle$Holder.reinvoke_L(java.lang.Object, java.lang.Object, java.lang.Object, java.lang.Object, java.lang.Object, java.lang.Object, java.lang.Object, java.lang.Object, java.lang.Object, java.lang.Object, java.lang.Object, java.lang.Object, java.lang.Object, java.lang.Object, java.lang.Object, java.lang.Object, java.lang.Object, java.lang.Object, java.lang.Object, java.lang.Object)'> (0x000000
Event: 33.881 Thread 0x0000017d251d5000 Exception <a 'java/lang/IncompatibleClassChangeError'{0x000000008742b548}: Found class java.lang.Object, but interface was expected> (0x000000008742b548) thrown at [s\src\hotspot\share\interpreter\linkResolver.cpp, line 839]
Event: 35.218 Thread 0x0000017d251d5000 Exception <a 'java/lang/IncompatibleClassChangeError'{0x0000000086d46b88}: Found class java.lang.Object, but interface was expected> (0x0000000086d46b88) thrown at [s\src\hotspot\share\interpreter\linkResolver.cpp, line 839]
Event: 35.324 Thread 0x0000017d251d5000 Exception <a 'java/lang/NoSuchMethodError'{0x0000000086bd7d08}: 'int java.lang.invoke.DirectMethodHandle$Holder.invokeStaticInit(java.lang.Object, java.lang.Object, java.lang.Object, java.lang.Object, java.lang.Object)'> (0x0000000086bd7d08) thrown at [s\src\hotspot\share\interpreter\linkResolver.cpp, line 773]
Event: 36.068 Thread 0x0000017d251d5000 Exception <a 'java/lang/NoSuchMethodError'{0x0000000085c78d28}: 'void java.lang.invoke.DirectMethodHandle$Holder.invokeInterface(java.lang.Object, java.lang.Object)'> (0x0000000085c78d28) thrown at [s\src\hotspot\share\interpreter\linkResolver.cpp, line 773]
Event: 36.102 Thread 0x0000017d251d5000 Exception <a 'java/lang/NoSuchMethodError'{0x0000000085afa3a0}: 'java.lang.Object java.lang.invoke.DirectMethodHandle$Holder.invokeStatic(java.lang.Object, int, java.lang.Object)'> (0x0000000085afa3a0) thrown at [s\src\hotspot\share\interpreter\linkResolver.cpp, line 773]

Events (20 events):
Event: 36.576 loading class org/gradle/model/internal/manage/schema/CompositeSchema
Event: 36.576 loading class org/gradle/model/internal/manage/schema/CompositeSchema done
Event: 36.577 loading class org/gradle/model/ModelSet
Event: 36.577 loading class org/gradle/model/ModelSet done
Event: 36.578 loading class org/gradle/model/internal/type/WildcardTypeWrapper
Event: 36.578 loading class org/gradle/model/internal/type/WildcardTypeWrapper done
Event: 36.578 loading class org/gradle/model/internal/type/WildcardWrapper
Event: 36.578 loading class org/gradle/model/internal/type/WildcardWrapper done
Event: 36.581 loading class org/gradle/model/internal/manage/schema/extract/SpecializedMapStrategy
Event: 36.581 loading class org/gradle/model/internal/manage/schema/extract/SpecializedMapStrategy done
Event: 36.582 loading class org/gradle/model/internal/manage/schema/extract/SpecializedMapStrategy$1
Event: 36.582 loading class org/gradle/model/internal/manage/schema/extract/SpecializedMapStrategy$1 done
Event: 36.583 loading class org/gradle/model/internal/manage/schema/extract/ManagedCollectionProxyClassGenerator
Event: 36.583 loading class org/gradle/model/internal/manage/schema/extract/ManagedCollectionProxyClassGenerator done
Event: 36.584 loading class org/gradle/model/internal/manage/schema/extract/AbstractProxyClassGenerator
Event: 36.584 loading class org/gradle/model/internal/manage/schema/extract/AbstractProxyClassGenerator done
Event: 36.588 loading class org/gradle/model/internal/manage/schema/extract/ModelMapStrategy
Event: 36.588 loading class org/gradle/model/internal/manage/schema/extract/ModelMapStrategy done
Event: 36.589 loading class org/gradle/model/internal/manage/schema/extract/ModelMapStrategy$1
Event: 36.589 loading class org/gradle/model/internal/manage/schema/extract/ModelMapStrategy$1 done


Dynamic libraries:
0x00007ff611880000 - 0x00007ff61188d000 	C:\Program Files\Microsoft\jdk-11.0.20.8-hotspot\bin\java.exe
0x00007ffb36710000 - 0x00007ffb36927000 	C:\WINDOWS\SYSTEM32\ntdll.dll
0x00007ffb35ab0000 - 0x00007ffb35b74000 	C:\WINDOWS\System32\KERNEL32.DLL
0x00007ffb340b0000 - 0x00007ffb34455000 	C:\WINDOWS\System32\KERNELBASE.dll
0x00007ffb33ee0000 - 0x00007ffb33ff1000 	C:\WINDOWS\System32\ucrtbase.dll
0x00007ffb2bb40000 - 0x00007ffb2bb55000 	C:\Program Files\Microsoft\jdk-11.0.20.8-hotspot\bin\VCRUNTIME140.dll
0x00007ffb2bb20000 - 0x00007ffb2bb37000 	C:\Program Files\Microsoft\jdk-11.0.20.8-hotspot\bin\jli.dll
0x00007ffb36190000 - 0x00007ffb3633e000 	C:\WINDOWS\System32\USER32.dll
0x00007ffb34000000 - 0x00007ffb34026000 	C:\WINDOWS\System32\win32u.dll
0x00007ffb35730000 - 0x00007ffb35759000 	C:\WINDOWS\System32\GDI32.dll
0x00007ffb33a80000 - 0x00007ffb33b99000 	C:\WINDOWS\System32\gdi32full.dll
0x00007ffb33ba0000 - 0x00007ffb33c3a000 	C:\WINDOWS\System32\msvcp_win.dll
0x00007ffb1b880000 - 0x00007ffb1bb13000 	C:\WINDOWS\WinSxS\amd64_microsoft.windows.common-controls_6595b64144ccf1df_6.0.22621.2506_none_270c5ae97388e100\COMCTL32.dll
0x00007ffb35b80000 - 0x00007ffb35c27000 	C:\WINDOWS\System32\msvcrt.dll
0x00007ffb35870000 - 0x00007ffb358a1000 	C:\WINDOWS\System32\IMM32.DLL
0x00007ffb22d20000 - 0x00007ffb22dbb000 	C:\Program Files\Microsoft\jdk-11.0.20.8-hotspot\bin\msvcp140.dll
0x00007ffae49a0000 - 0x00007ffae5536000 	C:\Program Files\Microsoft\jdk-11.0.20.8-hotspot\bin\server\jvm.dll
0x00007ffb35ff0000 - 0x00007ffb360a1000 	C:\WINDOWS\System32\ADVAPI32.dll
0x00007ffb353f0000 - 0x00007ffb35496000 	C:\WINDOWS\System32\sechost.dll
0x00007ffb35c90000 - 0x00007ffb35da7000 	C:\WINDOWS\System32\RPCRT4.dll
0x00007ffb36160000 - 0x00007ffb36168000 	C:\WINDOWS\System32\PSAPI.DLL
0x00007ffb2a4a0000 - 0x00007ffb2a4aa000 	C:\WINDOWS\SYSTEM32\VERSION.dll
0x00007ffb14150000 - 0x00007ffb14159000 	C:\WINDOWS\SYSTEM32\WSOCK32.dll
0x00007ffb2a4b0000 - 0x00007ffb2a4e4000 	C:\WINDOWS\SYSTEM32\WINMM.dll
0x00007ffb358d0000 - 0x00007ffb35941000 	C:\WINDOWS\System32\WS2_32.dll
0x00007ffb32a80000 - 0x00007ffb32a98000 	C:\WINDOWS\SYSTEM32\kernel.appcore.dll
0x00007ffb309b0000 - 0x00007ffb309c0000 	C:\Program Files\Microsoft\jdk-11.0.20.8-hotspot\bin\verify.dll
0x00007ffb30c10000 - 0x00007ffb30e43000 	C:\WINDOWS\SYSTEM32\DBGHELP.DLL
0x00007ffb36340000 - 0x00007ffb366c9000 	C:\WINDOWS\System32\combase.dll
0x00007ffb354a0000 - 0x00007ffb35577000 	C:\WINDOWS\System32\OLEAUT32.dll
0x00007ffb29f40000 - 0x00007ffb29f72000 	C:\WINDOWS\SYSTEM32\dbgcore.DLL
0x00007ffb34030000 - 0x00007ffb340aa000 	C:\WINDOWS\System32\bcryptPrimitives.dll
0x00007ffb28490000 - 0x00007ffb284b8000 	C:\Program Files\Microsoft\jdk-11.0.20.8-hotspot\bin\java.dll
0x00007ffb30980000 - 0x00007ffb3098a000 	C:\Program Files\Microsoft\jdk-11.0.20.8-hotspot\bin\jimage.dll
0x00007ffb28d30000 - 0x00007ffb28d48000 	C:\Program Files\Microsoft\jdk-11.0.20.8-hotspot\bin\zip.dll
0x00007ffb34460000 - 0x00007ffb34cb9000 	C:\WINDOWS\System32\SHELL32.dll
0x00007ffb319a0000 - 0x00007ffb32294000 	C:\WINDOWS\SYSTEM32\windows.storage.dll
0x00007ffb31860000 - 0x00007ffb3199e000 	C:\WINDOWS\SYSTEM32\wintypes.dll
0x00007ffb34e10000 - 0x00007ffb34f03000 	C:\WINDOWS\System32\SHCORE.dll
0x00007ffb35c30000 - 0x00007ffb35c8e000 	C:\WINDOWS\System32\shlwapi.dll
0x00007ffb339b0000 - 0x00007ffb339d6000 	C:\WINDOWS\SYSTEM32\profapi.dll
0x00007ffb239c0000 - 0x00007ffb239d9000 	C:\Program Files\Microsoft\jdk-11.0.20.8-hotspot\bin\net.dll
0x00007ffb2d9b0000 - 0x00007ffb2dae7000 	C:\WINDOWS\SYSTEM32\WINHTTP.dll
0x00007ffb32f60000 - 0x00007ffb32fc9000 	C:\WINDOWS\system32\mswsock.dll
0x00007ffb239a0000 - 0x00007ffb239b3000 	C:\Program Files\Microsoft\jdk-11.0.20.8-hotspot\bin\nio.dll
0x00007ffa29000000 - 0x00007ffa29027000 	C:\Users\legen\.gradle\native\e1d6ef7f7dcc3fd88c89a11ec53ec762bb8ba0a96d01ffa2cd45eb1d1d8dd5c5\windows-amd64\native-platform.dll
0x00007ffb1f0d0000 - 0x00007ffb1f214000 	C:\Users\legen\.gradle\native\0d407fdbe67a94daf76414ababcb853783967236a71b16ec16e742cd7a986fd3\windows-amd64\native-platform-file-events.dll
0x00007ffb2bbe0000 - 0x00007ffb2bbe9000 	C:\Program Files\Microsoft\jdk-11.0.20.8-hotspot\bin\management.dll
0x00007ffb22d10000 - 0x00007ffb22d1b000 	C:\Program Files\Microsoft\jdk-11.0.20.8-hotspot\bin\management_ext.dll
0x00007ffb331c0000 - 0x00007ffb331db000 	C:\WINDOWS\SYSTEM32\CRYPTSP.dll
0x00007ffb329e0000 - 0x00007ffb32a15000 	C:\WINDOWS\system32\rsaenh.dll
0x00007ffb33060000 - 0x00007ffb3308c000 	C:\WINDOWS\SYSTEM32\USERENV.dll
0x00007ffb33410000 - 0x00007ffb33438000 	C:\WINDOWS\SYSTEM32\bcrypt.dll
0x00007ffb331e0000 - 0x00007ffb331ec000 	C:\WINDOWS\SYSTEM32\CRYPTBASE.dll
0x00007ffb32540000 - 0x00007ffb3256d000 	C:\WINDOWS\SYSTEM32\IPHLPAPI.DLL
0x00007ffb35860000 - 0x00007ffb35869000 	C:\WINDOWS\System32\NSI.dll
0x00007ffb2d820000 - 0x00007ffb2d839000 	C:\WINDOWS\SYSTEM32\dhcpcsvc6.DLL
0x00007ffb2d510000 - 0x00007ffb2d52f000 	C:\WINDOWS\SYSTEM32\dhcpcsvc.DLL
0x00007ffb32570000 - 0x00007ffb32669000 	C:\WINDOWS\SYSTEM32\DNSAPI.dll

dbghelp: loaded successfully - version: 4.0.5 - missing functions: none
symbol engine: initialized successfully - sym options: 0x614 - pdb path: .;C:\Program Files\Microsoft\jdk-11.0.20.8-hotspot\bin;C:\WINDOWS\SYSTEM32;C:\WINDOWS\WinSxS\amd64_microsoft.windows.common-controls_6595b64144ccf1df_6.0.22621.2506_none_270c5ae97388e100;C:\Program Files\Microsoft\jdk-11.0.20.8-hotspot\bin\server;C:\Users\legen\.gradle\native\e1d6ef7f7dcc3fd88c89a11ec53ec762bb8ba0a96d01ffa2cd45eb1d1d8dd5c5\windows-amd64;C:\Users\legen\.gradle\native\0d407fdbe67a94daf76414ababcb853783967236a71b16ec16e742cd7a986fd3\windows-amd64

VM Arguments:
jvm_args: -XX:MaxMetaspaceSize=512m --add-opens=java.base/java.util=ALL-UNNAMED --add-opens=java.base/java.lang=ALL-UNNAMED --add-opens=java.base/java.lang.invoke=ALL-UNNAMED --add-opens=java.base/java.util=ALL-UNNAMED --add-opens=java.prefs/java.util.prefs=ALL-UNNAMED --add-opens=java.prefs/java.util.prefs=ALL-UNNAMED --add-opens=java.base/java.nio.charset=ALL-UNNAMED --add-opens=java.base/java.net=ALL-UNNAMED --add-opens=java.base/java.util.concurrent.atomic=ALL-UNNAMED -Xmx2048m -Dfile.encoding=windows-1258 -Duser.country=US -Duser.language=en -Duser.variant 
java_command: org.gradle.launcher.daemon.bootstrap.GradleDaemon 7.5.1
java_class_path (initial): C:\Users\legen\.gradle\wrapper\dists\gradle-7.5.1-all\1ehga6e77gqps5uk2kc5kf1vc\gradle-7.5.1\lib\gradle-launcher-7.5.1.jar
Launcher Type: SUN_STANDARD

[Global flags]
     intx CICompilerCount                          = 12                                        {product} {ergonomic}
   size_t CompressedClassSpaceSize                 = 528482304                                 {product} {ergonomic}
     uint ConcGCThreads                            = 3                                         {product} {ergonomic}
     uint G1ConcRefinementThreads                  = 13                                        {product} {ergonomic}
   size_t G1HeapRegionSize                         = 1048576                                   {product} {ergonomic}
    uintx GCDrainStackTargetSize                   = 64                                        {product} {ergonomic}
   size_t InitialHeapSize                          = 125829120                                 {product} {ergonomic}
   size_t MarkStackSize                            = 4194304                                   {product} {ergonomic}
   size_t MaxHeapSize                              = 2147483648                                {product} {command line}
   size_t MaxMetaspaceSize                         = 536870912                                 {product} {command line}
   size_t MaxNewSize                               = 1287651328                                {product} {ergonomic}
   size_t MinHeapDeltaBytes                        = 1048576                                   {product} {ergonomic}
    uintx NonNMethodCodeHeapSize                   = 7594288                                {pd product} {ergonomic}
    uintx NonProfiledCodeHeapSize                  = 122031976                              {pd product} {ergonomic}
    uintx ProfiledCodeHeapSize                     = 122031976                              {pd product} {ergonomic}
    uintx ReservedCodeCacheSize                    = 251658240                              {pd product} {ergonomic}
     bool SegmentedCodeCache                       = true                                      {product} {ergonomic}
     bool UseCompressedClassPointers               = true                                 {lp64_product} {ergonomic}
     bool UseCompressedOops                        = true                                 {lp64_product} {ergonomic}
     bool UseG1GC                                  = true                                      {product} {ergonomic}
     bool UseLargePagesIndividualAllocation        = false                                  {pd product} {ergonomic}

Logging:
Log output configuration:
 #0: stdout all=warning uptime,level,tags
 #1: stderr all=off uptime,level,tags

Environment Variables:
JAVA_HOME=C:\Program Files\Microsoft\jdk-11.0.20.8-hotspot\
CLASSPATH=C:\Users\legen\DaNenTang\android\\gradle\wrapper\gradle-wrapper.jar
PATH=C:\Users\legen\DaNenTang\android\node_modules\.bin;C:\Users\legen\DaNenTang\node_modules\.bin;C:\Users\legen\node_modules\.bin;C:\Users\node_modules\.bin;C:\node_modules\.bin;C:\Program Files\nodejs;C:\Users\legen\DaNenTang\node_modules\.bin;C:\Users\legen\node_modules\.bin;C:\Users\node_modules\.bin;C:\node_modules\.bin;C:\Program Files\nodejs\node_modules\npm\node_modules\@npmcli\run-script\lib\node-gyp-bin;C:\Program Files\Microsoft\jdk-11.0.20.8-hotspot\bin;C:\Program Files (x86)\Common Files\Oracle\Java\javapath;C:\Windows\system32;C:\Windows;C:\Windows\System32\Wbem;C:\Windows\System32\WindowsPowerShell\v1.0\;C:\Windows\System32\OpenSSH\;C:\Program Files (x86)\NVIDIA Corporation\PhysX\Common;C:\Program Files\NVIDIA Corporation\NVIDIA NvDLISR;C:\WINDOWS\system32;C:\WINDOWS;C:\WINDOWS\System32\Wbem;C:\WINDOWS\System32\WindowsPowerShell\v1.0\;C:\WINDOWS\System32\OpenSSH\;C:\Program Files (x86)\Windows Kits\10\Windows Performance Toolkit\;C:\Program Files\Git\cmd;C:\Program Files\Java\jdk1.8.0_202\bin;C:\Program Files\nodejs\;C:\ProgramData\chocolatey\bin;C:\Users\legen\AppData\Local\Android\Sdk\platform-tools;C:\Users\legen\AppData\Local\Microsoft\WindowsApps;C:\Users\legen\AppData\Local\Programs\Microsoft VS Code\bin;C:\Users\legen\AppData\Roaming\npm;
USERNAME=legen
LANG=en_US.UTF-8
OS=Windows_NT
PROCESSOR_IDENTIFIER=AMD64 Family 23 Model 96 Stepping 1, AuthenticAMD
TMP=C:\Users\legen\AppData\Local\Temp
TEMP=C:\Users\legen\AppData\Local\Temp



---------------  S Y S T E M  ---------------

OS: Windows 11 , 64 bit Build 22621 (10.0.22621.2506)
OS uptime: 9 days 2:23 hours

CPU:total 16 (initial active 16) (16 cores per cpu, 2 threads per core) family 23 model 96 stepping 1 microcode 0x0, cmov, cx8, fxsr, mmx, sse, sse2, sse3, ssse3, sse4.1, sse4.2, popcnt, avx, avx2, aes, clmul, mmxext, 3dnowpref, lzcnt, sse4a, ht, tsc, tscinvbit, tscinv, bmi1, bmi2, adx, sha, fma

Memory: 4k page, system-wide physical 7599M (89M free)
TotalPageFile size 31151M (AvailPageFile size 0M)
current process WorkingSet (physical memory assigned to process): 192M, peak: 236M
current process commit charge ("private bytes"): 317M, peak: 320M

vm_info: OpenJDK 64-Bit Server VM (11.0.20+8-LTS) for windows-amd64 JRE (11.0.20+8-LTS), built on Jul  7 2023 17:05:21 by "MicrosoftCorporation" with MS VC++ 15.9 (VS2017)

END.
